Файл получен с помощью программы fm.exe Version 1.0.1 (build Dec 14 2000 17:32:35)


Вызвано распознавание шаблона для подграфа @ROOT:
начальная вершина C1, конечная вершина C3
Текущее состояние фундаментальной матрицы:
*************************
     @ROOT ║          1 ║
*************************
Конструкция ЦИКЛ

Вершина проверки условия: C2
Дуга, входящая в тело цикла: C2->B1
Дуга, выходящая из тела цикла: B3->C2
Вероятность повторения тела цикла: 0.9966
Вероятность выхода из цикла: 0.0034
Матрица для подстановки:
**********************************************************
        C1 ║          1      294.1      293.1          1 ║
        C2 ║          0      294.1      293.1          1 ║
     @TMP0 ║          0      294.1      294.1          1 ║
        C3 ║          0          0          0          1 ║
**********************************************************

Вызвано распознавание шаблона для подграфа @TMP0:
начальная вершина B1, конечная вершина B3
Текущее состояние фундаментальной матрицы:
**********************************************************
        C1 ║          1      294.1      293.1          1 ║
        C2 ║          0      294.1      293.1          1 ║
     @TMP0 ║          0      294.1      294.1          1 ║
        C3 ║          0          0          0          1 ║
**********************************************************
Конструкция ВЕТВЛЕНИЕ

Матрица для подстановки:
**********************************************************
        B1 ║          1     0.9966     0.0034          1 ║
     @TMP1 ║          0          1          0          1 ║
     @TMP2 ║          0          0          1          1 ║
        B3 ║          0          0          0          1 ║
**********************************************************

Вызвано распознавание шаблона для подграфа @TMP1:
начальная вершина A1, конечная вершина A4
Текущее состояние фундаментальной матрицы:
*******************************************************************************************
        C1 ║          1      294.1      293.1      292.1     0.9966      293.1          1 ║
        C2 ║          0      294.1      293.1      292.1     0.9966      293.1          1 ║
        B1 ║          0      294.1      294.1      293.1          1      294.1          1 ║
     @TMP1 ║          0      294.1      293.1      293.1     0.9966      294.1          1 ║
     @TMP2 ║          0      294.1      293.1      292.1      1.997      294.1          1 ║
        B3 ║          0      294.1      293.1      292.1     0.9966      294.1          1 ║
        C3 ║          0          0          0          0          0          0          1 ║
*******************************************************************************************
Конструкция ВЕТВЛЕНИЕ

Матрица для подстановки:
**********************************************************
        A1 ║          1     0.5034     0.4966          1 ║
     @TMP3 ║          0          1          0          1 ║
     @TMP4 ║          0          0          1          1 ║
        A4 ║          0          0          0          1 ║
**********************************************************

Вызвано распознавание шаблона для подграфа @TMP3:
начальная вершина A3, конечная вершина A3
Текущее состояние фундаментальной матрицы:
****************************************************************************************************************************
        C1 ║          1      294.1      293.1      292.1      147.1      145.1      292.1     0.9966      293.1          1 ║
        C2 ║          0      294.1      293.1      292.1      147.1      145.1      292.1     0.9966      293.1          1 ║
        B1 ║          0      294.1      294.1      293.1      147.6      145.6      293.1          1      294.1          1 ║
        A1 ║          0      294.1      293.1      293.1      147.6      145.6      293.1     0.9966      294.1          1 ║
     @TMP3 ║          0      294.1      293.1      292.1      148.1      145.1      293.1     0.9966      294.1          1 ║
     @TMP4 ║          0      294.1      293.1      292.1      147.1      146.1      293.1     0.9966      294.1          1 ║
        A4 ║          0      294.1      293.1      292.1      147.1      145.1      293.1     0.9966      294.1          1 ║
     @TMP2 ║          0      294.1      293.1      292.1      147.1      145.1      292.1      1.997      294.1          1 ║
        B3 ║          0      294.1      293.1      292.1      147.1      145.1      292.1     0.9966      294.1          1 ║
        C3 ║          0          0          0          0          0          0          0          0          0          1 ║
****************************************************************************************************************************
Шаблон распознан как атомарная операция

Вызвано распознавание шаблона для подграфа @TMP4:
начальная вершина A2, конечная вершина A2
Текущее состояние фундаментальной матрицы:
****************************************************************************************************************************
        C1 ║          1      294.1      293.1      292.1      147.1      145.1      292.1     0.9966      293.1          1 ║
        C2 ║          0      294.1      293.1      292.1      147.1      145.1      292.1     0.9966      293.1          1 ║
        B1 ║          0      294.1      294.1      293.1      147.6      145.6      293.1          1      294.1          1 ║
        A1 ║          0      294.1      293.1      293.1      147.6      145.6      293.1     0.9966      294.1          1 ║
        A3 ║          0      294.1      293.1      292.1      148.1      145.1      293.1     0.9966      294.1          1 ║
     @TMP4 ║          0      294.1      293.1      292.1      147.1      146.1      293.1     0.9966      294.1          1 ║
        A4 ║          0      294.1      293.1      292.1      147.1      145.1      293.1     0.9966      294.1          1 ║
     @TMP2 ║          0      294.1      293.1      292.1      147.1      145.1      292.1      1.997      294.1          1 ║
        B3 ║          0      294.1      293.1      292.1      147.1      145.1      292.1     0.9966      294.1          1 ║
        C3 ║          0          0          0          0          0          0          0          0          0          1 ║
****************************************************************************************************************************
Шаблон распознан как атомарная операция

Вызвано распознавание шаблона для подграфа @TMP2:
начальная вершина B2, конечная вершина B2
Текущее состояние фундаментальной матрицы:
****************************************************************************************************************************
        C1 ║          1      294.1      293.1      292.1      147.1      145.1      292.1     0.9966      293.1          1 ║
        C2 ║          0      294.1      293.1      292.1      147.1      145.1      292.1     0.9966      293.1          1 ║
        B1 ║          0      294.1      294.1      293.1      147.6      145.6      293.1          1      294.1          1 ║
        A1 ║          0      294.1      293.1      293.1      147.6      145.6      293.1     0.9966      294.1          1 ║
        A3 ║          0      294.1      293.1      292.1      148.1      145.1      293.1     0.9966      294.1          1 ║
        A2 ║          0      294.1      293.1      292.1      147.1      146.1      293.1     0.9966      294.1          1 ║
        A4 ║          0      294.1      293.1      292.1      147.1      145.1      293.1     0.9966      294.1          1 ║
     @TMP2 ║          0      294.1      293.1      292.1      147.1      145.1      292.1      1.997      294.1          1 ║
        B3 ║          0      294.1      293.1      292.1      147.1      145.1      292.1     0.9966      294.1          1 ║
        C3 ║          0          0          0          0          0          0          0          0          0          1 ║
****************************************************************************************************************************
Шаблон распознан как атомарная операция

Результат:
****************************************************************************************************************************
        C1 ║          1      294.1      293.1      292.1      147.1      145.1      292.1     0.9966      293.1          1 ║
        C2 ║          0      294.1      293.1      292.1      147.1      145.1      292.1     0.9966      293.1          1 ║
        B1 ║          0      294.1      294.1      293.1      147.6      145.6      293.1          1      294.1          1 ║
        A1 ║          0      294.1      293.1      293.1      147.6      145.6      293.1     0.9966      294.1          1 ║
        A3 ║          0      294.1      293.1      292.1      148.1      145.1      293.1     0.9966      294.1          1 ║
        A2 ║          0      294.1      293.1      292.1      147.1      146.1      293.1     0.9966      294.1          1 ║
        A4 ║          0      294.1      293.1      292.1      147.1      145.1      293.1     0.9966      294.1          1 ║
        B2 ║          0      294.1      293.1      292.1      147.1      145.1      292.1      1.997      294.1          1 ║
        B3 ║          0      294.1      293.1      292.1      147.1      145.1      292.1     0.9966      294.1          1 ║
        C3 ║          0          0          0          0          0          0          0          0          0          1 ║
****************************************************************************************************************************
