Файл получен с помощью программы fm.exe Version 1.0.1 (build Dec 14 2000 17:32:35)


Вызвано распознавание шаблона для подграфа @ROOT:
начальная вершина L1, конечная вершина FF10
Текущее состояние фундаментальной матрицы:
*************************
     @ROOT ║          1 ║
*************************
Конструкция СЛЕДОВАНИЕ

Начало первого оператора: L2
Окончание первого оператора: L2
Начало второго оператора: CC3
Окончание второго оператора: F10
Матрица для подстановки:
**********************************************************
        L1 ║          1          1          1          1 ║
     @TMP0 ║          0          1          1          1 ║
     @TMP1 ║          0          0          1          1 ║
      FF10 ║          0          0          0          1 ║
**********************************************************

Вызвано распознавание шаблона для подграфа @TMP0:
начальная вершина L2, конечная вершина L2
Текущее состояние фундаментальной матрицы:
**********************************************************
        L1 ║          1          1          1          1 ║
     @TMP0 ║          0          1          1          1 ║
     @TMP1 ║          0          0          1          1 ║
      FF10 ║          0          0          0          1 ║
**********************************************************
Шаблон распознан как атомарная операция

Вызвано распознавание шаблона для подграфа @TMP1:
начальная вершина CC3, конечная вершина F10
Текущее состояние фундаментальной матрицы:
**********************************************************
        L1 ║          1          1          1          1 ║
        L2 ║          0          1          1          1 ║
     @TMP1 ║          0          0          1          1 ║
      FF10 ║          0          0          0          1 ║
**********************************************************
Конструкция ЦИКЛ

Вершина проверки условия: C3
Дуга, входящая в тело цикла: C3->C4
Дуга, выходящая из тела цикла: CC92->C3
Вероятность повторения тела цикла: 0.9942
Вероятность выхода из цикла: 0.0058
Матрица для подстановки:
**********************************************************
       CC3 ║          1      172.4      171.4          1 ║
        C3 ║          0      172.4      171.4          1 ║
     @TMP2 ║          0      172.4      172.4          1 ║
       F10 ║          0          0          0          1 ║
**********************************************************

Вызвано распознавание шаблона для подграфа @TMP2:
начальная вершина C4, конечная вершина CC92
Текущее состояние фундаментальной матрицы:
*******************************************************************************************
        L1 ║          1          1          1      172.4      171.4          1          1 ║
        L2 ║          0          1          1      172.4      171.4          1          1 ║
       CC3 ║          0          0          1      172.4      171.4          1          1 ║
        C3 ║          0          0          0      172.4      171.4          1          1 ║
     @TMP2 ║          0          0          0      172.4      172.4          1          1 ║
       F10 ║          0          0          0          0          0          1          1 ║
      FF10 ║          0          0          0          0          0          0          1 ║
*******************************************************************************************
Конструкция СЛЕДОВАНИЕ

Начало первого оператора: V5
Окончание первого оператора: C9
Начало второго оператора: CC91
Окончание второго оператора: CC91
Матрица для подстановки:
**********************************************************
        C4 ║          1          1          1          1 ║
     @TMP3 ║          0          1          1          1 ║
     @TMP4 ║          0          0          1          1 ║
      CC92 ║          0          0          0          1 ║
**********************************************************

Вызвано распознавание шаблона для подграфа @TMP3:
начальная вершина V5, конечная вершина C9
Текущее состояние фундаментальной матрицы:
****************************************************************************************************************************
        L1 ║          1          1          1      172.4      171.4      171.4      171.4      171.4          1          1 ║
        L2 ║          0          1          1      172.4      171.4      171.4      171.4      171.4          1          1 ║
       CC3 ║          0          0          1      172.4      171.4      171.4      171.4      171.4          1          1 ║
        C3 ║          0          0          0      172.4      171.4      171.4      171.4      171.4          1          1 ║
        C4 ║          0          0          0      172.4      172.4      172.4      172.4      172.4          1          1 ║
     @TMP3 ║          0          0          0      172.4      171.4      172.4      172.4      172.4          1          1 ║
     @TMP4 ║          0          0          0      172.4      171.4      171.4      172.4      172.4          1          1 ║
      CC92 ║          0          0          0      172.4      171.4      171.4      171.4      172.4          1          1 ║
       F10 ║          0          0          0          0          0          0          0          0          1          1 ║
      FF10 ║          0          0          0          0          0          0          0          0          0          1 ║
****************************************************************************************************************************
Конструкция ВЕТВЛЕНИЕ

Матрица для подстановки:
**********************************************************
        V5 ║          1     0.0058     0.9942          1 ║
     @TMP5 ║          0          1          0          1 ║
     @TMP6 ║          0          0          1          1 ║
        C9 ║          0          0          0          1 ║
**********************************************************

Вызвано распознавание шаблона для подграфа @TMP5:
начальная вершина V51, конечная вершина V51
Текущее состояние фундаментальной матрицы:
******************************
(L1,L1) = 1
(L1,L2) = 1
(L1,CC3) = 1
(L1,C3) = 172.4
(L1,C4) = 171.4
(L1,V5) = 171.4
(L1,@TMP5) = 0.9942
(L1,@TMP6) = 170.4
(L1,C9) = 171.4
(L1,@TMP4) = 171.4
(L1,CC92) = 171.4
(L1,F10) = 1
(L1,FF10) = 1
(L2,L1) = 0
(L2,L2) = 1
(L2,CC3) = 1
(L2,C3) = 172.4
(L2,C4) = 171.4
(L2,V5) = 171.4
(L2,@TMP5) = 0.9942
(L2,@TMP6) = 170.4
(L2,C9) = 171.4
(L2,@TMP4) = 171.4
(L2,CC92) = 171.4
(L2,F10) = 1
(L2,FF10) = 1
(CC3,L1) = 0
(CC3,L2) = 0
(CC3,CC3) = 1
(CC3,C3) = 172.4
(CC3,C4) = 171.4
(CC3,V5) = 171.4
(CC3,@TMP5) = 0.9942
(CC3,@TMP6) = 170.4
(CC3,C9) = 171.4
(CC3,@TMP4) = 171.4
(CC3,CC92) = 171.4
(CC3,F10) = 1
(CC3,FF10) = 1
(C3,L1) = 0
(C3,L2) = 0
(C3,CC3) = 0
(C3,C3) = 172.4
(C3,C4) = 171.4
(C3,V5) = 171.4
(C3,@TMP5) = 0.9942
(C3,@TMP6) = 170.4
(C3,C9) = 171.4
(C3,@TMP4) = 171.4
(C3,CC92) = 171.4
(C3,F10) = 1
(C3,FF10) = 1
(C4,L1) = 0
(C4,L2) = 0
(C4,CC3) = 0
(C4,C3) = 172.4
(C4,C4) = 172.4
(C4,V5) = 172.4
(C4,@TMP5) = 1
(C4,@TMP6) = 171.4
(C4,C9) = 172.4
(C4,@TMP4) = 172.4
(C4,CC92) = 172.4
(C4,F10) = 1
(C4,FF10) = 1
(V5,L1) = 0
(V5,L2) = 0
(V5,CC3) = 0
(V5,C3) = 172.4
(V5,C4) = 171.4
(V5,V5) = 172.4
(V5,@TMP5) = 1
(V5,@TMP6) = 171.4
(V5,C9) = 172.4
(V5,@TMP4) = 172.4
(V5,CC92) = 172.4
(V5,F10) = 1
(V5,FF10) = 1
(@TMP5,L1) = 0
(@TMP5,L2) = 0
(@TMP5,CC3) = 0
(@TMP5,C3) = 172.4
(@TMP5,C4) = 171.4
(@TMP5,V5) = 171.4
(@TMP5,@TMP5) = 1.994
(@TMP5,@TMP6) = 170.4
(@TMP5,C9) = 172.4
(@TMP5,@TMP4) = 172.4
(@TMP5,CC92) = 172.4
(@TMP5,F10) = 1
(@TMP5,FF10) = 1
(@TMP6,L1) = 0
(@TMP6,L2) = 0
(@TMP6,CC3) = 0
(@TMP6,C3) = 172.4
(@TMP6,C4) = 171.4
(@TMP6,V5) = 171.4
(@TMP6,@TMP5) = 0.9942
(@TMP6,@TMP6) = 171.4
(@TMP6,C9) = 172.4
(@TMP6,@TMP4) = 172.4
(@TMP6,CC92) = 172.4
(@TMP6,F10) = 1
(@TMP6,FF10) = 1
(C9,L1) = 0
(C9,L2) = 0
(C9,CC3) = 0
(C9,C3) = 172.4
(C9,C4) = 171.4
(C9,V5) = 171.4
(C9,@TMP5) = 0.9942
(C9,@TMP6) = 170.4
(C9,C9) = 172.4
(C9,@TMP4) = 172.4
(C9,CC92) = 172.4
(C9,F10) = 1
(C9,FF10) = 1
(@TMP4,L1) = 0
(@TMP4,L2) = 0
(@TMP4,CC3) = 0
(@TMP4,C3) = 172.4
(@TMP4,C4) = 171.4
(@TMP4,V5) = 171.4
(@TMP4,@TMP5) = 0.9942
(@TMP4,@TMP6) = 170.4
(@TMP4,C9) = 171.4
(@TMP4,@TMP4) = 172.4
(@TMP4,CC92) = 172.4
(@TMP4,F10) = 1
(@TMP4,FF10) = 1
(CC92,L1) = 0
(CC92,L2) = 0
(CC92,CC3) = 0
(CC92,C3) = 172.4
(CC92,C4) = 171.4
(CC92,V5) = 171.4
(CC92,@TMP5) = 0.9942
(CC92,@TMP6) = 170.4
(CC92,C9) = 171.4
(CC92,@TMP4) = 171.4
(CC92,CC92) = 172.4
(CC92,F10) = 1
(CC92,FF10) = 1
(F10,L1) = 0
(F10,L2) = 0
(F10,CC3) = 0
(F10,C3) = 0
(F10,C4) = 0
(F10,V5) = 0
(F10,@TMP5) = 0
(F10,@TMP6) = 0
(F10,C9) = 0
(F10,@TMP4) = 0
(F10,CC92) = 0
(F10,F10) = 1
(F10,FF10) = 1
(FF10,L1) = 0
(FF10,L2) = 0
(FF10,CC3) = 0
(FF10,C3) = 0
(FF10,C4) = 0
(FF10,V5) = 0
(FF10,@TMP5) = 0
(FF10,@TMP6) = 0
(FF10,C9) = 0
(FF10,@TMP4) = 0
(FF10,CC92) = 0
(FF10,F10) = 0
(FF10,FF10) = 1
******************************
Шаблон распознан как атомарная операция

Вызвано распознавание шаблона для подграфа @TMP6:
начальная вершина VV6, конечная вершина V9
Текущее состояние фундаментальной матрицы:
******************************
(L1,L1) = 1
(L1,L2) = 1
(L1,CC3) = 1
(L1,C3) = 172.4
(L1,C4) = 171.4
(L1,V5) = 171.4
(L1,V51) = 0.9942
(L1,@TMP6) = 170.4
(L1,C9) = 171.4
(L1,@TMP4) = 171.4
(L1,CC92) = 171.4
(L1,F10) = 1
(L1,FF10) = 1
(L2,L1) = 0
(L2,L2) = 1
(L2,CC3) = 1
(L2,C3) = 172.4
(L2,C4) = 171.4
(L2,V5) = 171.4
(L2,V51) = 0.9942
(L2,@TMP6) = 170.4
(L2,C9) = 171.4
(L2,@TMP4) = 171.4
(L2,CC92) = 171.4
(L2,F10) = 1
(L2,FF10) = 1
(CC3,L1) = 0
(CC3,L2) = 0
(CC3,CC3) = 1
(CC3,C3) = 172.4
(CC3,C4) = 171.4
(CC3,V5) = 171.4
(CC3,V51) = 0.9942
(CC3,@TMP6) = 170.4
(CC3,C9) = 171.4
(CC3,@TMP4) = 171.4
(CC3,CC92) = 171.4
(CC3,F10) = 1
(CC3,FF10) = 1
(C3,L1) = 0
(C3,L2) = 0
(C3,CC3) = 0
(C3,C3) = 172.4
(C3,C4) = 171.4
(C3,V5) = 171.4
(C3,V51) = 0.9942
(C3,@TMP6) = 170.4
(C3,C9) = 171.4
(C3,@TMP4) = 171.4
(C3,CC92) = 171.4
(C3,F10) = 1
(C3,FF10) = 1
(C4,L1) = 0
(C4,L2) = 0
(C4,CC3) = 0
(C4,C3) = 172.4
(C4,C4) = 172.4
(C4,V5) = 172.4
(C4,V51) = 1
(C4,@TMP6) = 171.4
(C4,C9) = 172.4
(C4,@TMP4) = 172.4
(C4,CC92) = 172.4
(C4,F10) = 1
(C4,FF10) = 1
(V5,L1) = 0
(V5,L2) = 0
(V5,CC3) = 0
(V5,C3) = 172.4
(V5,C4) = 171.4
(V5,V5) = 172.4
(V5,V51) = 1
(V5,@TMP6) = 171.4
(V5,C9) = 172.4
(V5,@TMP4) = 172.4
(V5,CC92) = 172.4
(V5,F10) = 1
(V5,FF10) = 1
(V51,L1) = 0
(V51,L2) = 0
(V51,CC3) = 0
(V51,C3) = 172.4
(V51,C4) = 171.4
(V51,V5) = 171.4
(V51,V51) = 1.994
(V51,@TMP6) = 170.4
(V51,C9) = 172.4
(V51,@TMP4) = 172.4
(V51,CC92) = 172.4
(V51,F10) = 1
(V51,FF10) = 1
(@TMP6,L1) = 0
(@TMP6,L2) = 0
(@TMP6,CC3) = 0
(@TMP6,C3) = 172.4
(@TMP6,C4) = 171.4
(@TMP6,V5) = 171.4
(@TMP6,V51) = 0.9942
(@TMP6,@TMP6) = 171.4
(@TMP6,C9) = 172.4
(@TMP6,@TMP4) = 172.4
(@TMP6,CC92) = 172.4
(@TMP6,F10) = 1
(@TMP6,FF10) = 1
(C9,L1) = 0
(C9,L2) = 0
(C9,CC3) = 0
(C9,C3) = 172.4
(C9,C4) = 171.4
(C9,V5) = 171.4
(C9,V51) = 0.9942
(C9,@TMP6) = 170.4
(C9,C9) = 172.4
(C9,@TMP4) = 172.4
(C9,CC92) = 172.4
(C9,F10) = 1
(C9,FF10) = 1
(@TMP4,L1) = 0
(@TMP4,L2) = 0
(@TMP4,CC3) = 0
(@TMP4,C3) = 172.4
(@TMP4,C4) = 171.4
(@TMP4,V5) = 171.4
(@TMP4,V51) = 0.9942
(@TMP4,@TMP6) = 170.4
(@TMP4,C9) = 171.4
(@TMP4,@TMP4) = 172.4
(@TMP4,CC92) = 172.4
(@TMP4,F10) = 1
(@TMP4,FF10) = 1
(CC92,L1) = 0
(CC92,L2) = 0
(CC92,CC3) = 0
(CC92,C3) = 172.4
(CC92,C4) = 171.4
(CC92,V5) = 171.4
(CC92,V51) = 0.9942
(CC92,@TMP6) = 170.4
(CC92,C9) = 171.4
(CC92,@TMP4) = 171.4
(CC92,CC92) = 172.4
(CC92,F10) = 1
(CC92,FF10) = 1
(F10,L1) = 0
(F10,L2) = 0
(F10,CC3) = 0
(F10,C3) = 0
(F10,C4) = 0
(F10,V5) = 0
(F10,V51) = 0
(F10,@TMP6) = 0
(F10,C9) = 0
(F10,@TMP4) = 0
(F10,CC92) = 0
(F10,F10) = 1
(F10,FF10) = 1
(FF10,L1) = 0
(FF10,L2) = 0
(FF10,CC3) = 0
(FF10,C3) = 0
(FF10,C4) = 0
(FF10,V5) = 0
(FF10,V51) = 0
(FF10,@TMP6) = 0
(FF10,C9) = 0
(FF10,@TMP4) = 0
(FF10,CC92) = 0
(FF10,F10) = 0
(FF10,FF10) = 1
******************************
Конструкция ВЕТВЛЕНИЕ

Матрица для подстановки:
**********************************************************
       VV6 ║          1     0.0058     0.9942          1 ║
     @TMP7 ║          0          1          0          1 ║
     @TMP8 ║          0          0          1          1 ║
        V9 ║          0          0          0          1 ║
**********************************************************

Вызвано распознавание шаблона для подграфа @TMP7:
начальная вершина VV8, конечная вершина VV8
Текущее состояние фундаментальной матрицы:
******************************
(L1,L1) = 1
(L1,L2) = 1
(L1,CC3) = 1
(L1,C3) = 172.4
(L1,C4) = 171.4
(L1,V5) = 171.4
(L1,V51) = 0.9942
(L1,VV6) = 170.4
(L1,@TMP7) = 0.9884
(L1,@TMP8) = 169.4
(L1,V9) = 170.4
(L1,C9) = 171.4
(L1,@TMP4) = 171.4
(L1,CC92) = 171.4
(L1,F10) = 1
(L1,FF10) = 1
(L2,L1) = 0
(L2,L2) = 1
(L2,CC3) = 1
(L2,C3) = 172.4
(L2,C4) = 171.4
(L2,V5) = 171.4
(L2,V51) = 0.9942
(L2,VV6) = 170.4
(L2,@TMP7) = 0.9884
(L2,@TMP8) = 169.4
(L2,V9) = 170.4
(L2,C9) = 171.4
(L2,@TMP4) = 171.4
(L2,CC92) = 171.4
(L2,F10) = 1
(L2,FF10) = 1
(CC3,L1) = 0
(CC3,L2) = 0
(CC3,CC3) = 1
(CC3,C3) = 172.4
(CC3,C4) = 171.4
(CC3,V5) = 171.4
(CC3,V51) = 0.9942
(CC3,VV6) = 170.4
(CC3,@TMP7) = 0.9884
(CC3,@TMP8) = 169.4
(CC3,V9) = 170.4
(CC3,C9) = 171.4
(CC3,@TMP4) = 171.4
(CC3,CC92) = 171.4
(CC3,F10) = 1
(CC3,FF10) = 1
(C3,L1) = 0
(C3,L2) = 0
(C3,CC3) = 0
(C3,C3) = 172.4
(C3,C4) = 171.4
(C3,V5) = 171.4
(C3,V51) = 0.9942
(C3,VV6) = 170.4
(C3,@TMP7) = 0.9884
(C3,@TMP8) = 169.4
(C3,V9) = 170.4
(C3,C9) = 171.4
(C3,@TMP4) = 171.4
(C3,CC92) = 171.4
(C3,F10) = 1
(C3,FF10) = 1
(C4,L1) = 0
(C4,L2) = 0
(C4,CC3) = 0
(C4,C3) = 172.4
(C4,C4) = 172.4
(C4,V5) = 172.4
(C4,V51) = 1
(C4,VV6) = 171.4
(C4,@TMP7) = 0.9942
(C4,@TMP8) = 170.4
(C4,V9) = 171.4
(C4,C9) = 172.4
(C4,@TMP4) = 172.4
(C4,CC92) = 172.4
(C4,F10) = 1
(C4,FF10) = 1
(V5,L1) = 0
(V5,L2) = 0
(V5,CC3) = 0
(V5,C3) = 172.4
(V5,C4) = 171.4
(V5,V5) = 172.4
(V5,V51) = 1
(V5,VV6) = 171.4
(V5,@TMP7) = 0.9942
(V5,@TMP8) = 170.4
(V5,V9) = 171.4
(V5,C9) = 172.4
(V5,@TMP4) = 172.4
(V5,CC92) = 172.4
(V5,F10) = 1
(V5,FF10) = 1
(V51,L1) = 0
(V51,L2) = 0
(V51,CC3) = 0
(V51,C3) = 172.4
(V51,C4) = 171.4
(V51,V5) = 171.4
(V51,V51) = 1.994
(V51,VV6) = 170.4
(V51,@TMP7) = 0.9884
(V51,@TMP8) = 169.4
(V51,V9) = 170.4
(V51,C9) = 172.4
(V51,@TMP4) = 172.4
(V51,CC92) = 172.4
(V51,F10) = 1
(V51,FF10) = 1
(VV6,L1) = 0
(VV6,L2) = 0
(VV6,CC3) = 0
(VV6,C3) = 172.4
(VV6,C4) = 171.4
(VV6,V5) = 171.4
(VV6,V51) = 0.9942
(VV6,VV6) = 171.4
(VV6,@TMP7) = 0.9942
(VV6,@TMP8) = 170.4
(VV6,V9) = 171.4
(VV6,C9) = 172.4
(VV6,@TMP4) = 172.4
(VV6,CC92) = 172.4
(VV6,F10) = 1
(VV6,FF10) = 1
(@TMP7,L1) = 0
(@TMP7,L2) = 0
(@TMP7,CC3) = 0
(@TMP7,C3) = 172.4
(@TMP7,C4) = 171.4
(@TMP7,V5) = 171.4
(@TMP7,V51) = 0.9942
(@TMP7,VV6) = 170.4
(@TMP7,@TMP7) = 1.988
(@TMP7,@TMP8) = 169.4
(@TMP7,V9) = 171.4
(@TMP7,C9) = 172.4
(@TMP7,@TMP4) = 172.4
(@TMP7,CC92) = 172.4
(@TMP7,F10) = 1
(@TMP7,FF10) = 1
(@TMP8,L1) = 0
(@TMP8,L2) = 0
(@TMP8,CC3) = 0
(@TMP8,C3) = 172.4
(@TMP8,C4) = 171.4
(@TMP8,V5) = 171.4
(@TMP8,V51) = 0.9942
(@TMP8,VV6) = 170.4
(@TMP8,@TMP7) = 0.9884
(@TMP8,@TMP8) = 170.4
(@TMP8,V9) = 171.4
(@TMP8,C9) = 172.4
(@TMP8,@TMP4) = 172.4
(@TMP8,CC92) = 172.4
(@TMP8,F10) = 1
(@TMP8,FF10) = 1
(V9,L1) = 0
(V9,L2) = 0
(V9,CC3) = 0
(V9,C3) = 172.4
(V9,C4) = 171.4
(V9,V5) = 171.4
(V9,V51) = 0.9942
(V9,VV6) = 170.4
(V9,@TMP7) = 0.9884
(V9,@TMP8) = 169.4
(V9,V9) = 171.4
(V9,C9) = 172.4
(V9,@TMP4) = 172.4
(V9,CC92) = 172.4
(V9,F10) = 1
(V9,FF10) = 1
(C9,L1) = 0
(C9,L2) = 0
(C9,CC3) = 0
(C9,C3) = 172.4
(C9,C4) = 171.4
(C9,V5) = 171.4
(C9,V51) = 0.9942
(C9,VV6) = 170.4
(C9,@TMP7) = 0.9884
(C9,@TMP8) = 169.4
(C9,V9) = 170.4
(C9,C9) = 172.4
(C9,@TMP4) = 172.4
(C9,CC92) = 172.4
(C9,F10) = 1
(C9,FF10) = 1
(@TMP4,L1) = 0
(@TMP4,L2) = 0
(@TMP4,CC3) = 0
(@TMP4,C3) = 172.4
(@TMP4,C4) = 171.4
(@TMP4,V5) = 171.4
(@TMP4,V51) = 0.9942
(@TMP4,VV6) = 170.4
(@TMP4,@TMP7) = 0.9884
(@TMP4,@TMP8) = 169.4
(@TMP4,V9) = 170.4
(@TMP4,C9) = 171.4
(@TMP4,@TMP4) = 172.4
(@TMP4,CC92) = 172.4
(@TMP4,F10) = 1
(@TMP4,FF10) = 1
(CC92,L1) = 0
(CC92,L2) = 0
(CC92,CC3) = 0
(CC92,C3) = 172.4
(CC92,C4) = 171.4
(CC92,V5) = 171.4
(CC92,V51) = 0.9942
(CC92,VV6) = 170.4
(CC92,@TMP7) = 0.9884
(CC92,@TMP8) = 169.4
(CC92,V9) = 170.4
(CC92,C9) = 171.4
(CC92,@TMP4) = 171.4
(CC92,CC92) = 172.4
(CC92,F10) = 1
(CC92,FF10) = 1
(F10,L1) = 0
(F10,L2) = 0
(F10,CC3) = 0
(F10,C3) = 0
(F10,C4) = 0
(F10,V5) = 0
(F10,V51) = 0
(F10,VV6) = 0
(F10,@TMP7) = 0
(F10,@TMP8) = 0
(F10,V9) = 0
(F10,C9) = 0
(F10,@TMP4) = 0
(F10,CC92) = 0
(F10,F10) = 1
(F10,FF10) = 1
(FF10,L1) = 0
(FF10,L2) = 0
(FF10,CC3) = 0
(FF10,C3) = 0
(FF10,C4) = 0
(FF10,V5) = 0
(FF10,V51) = 0
(FF10,VV6) = 0
(FF10,@TMP7) = 0
(FF10,@TMP8) = 0
(FF10,V9) = 0
(FF10,C9) = 0
(FF10,@TMP4) = 0
(FF10,CC92) = 0
(FF10,F10) = 0
(FF10,FF10) = 1
******************************
Шаблон распознан как атомарная операция

Вызвано распознавание шаблона для подграфа @TMP8:
начальная вершина VV7, конечная вершина VV7
Текущее состояние фундаментальной матрицы:
******************************
(L1,L1) = 1
(L1,L2) = 1
(L1,CC3) = 1
(L1,C3) = 172.4
(L1,C4) = 171.4
(L1,V5) = 171.4
(L1,V51) = 0.9942
(L1,VV6) = 170.4
(L1,VV8) = 0.9884
(L1,@TMP8) = 169.4
(L1,V9) = 170.4
(L1,C9) = 171.4
(L1,@TMP4) = 171.4
(L1,CC92) = 171.4
(L1,F10) = 1
(L1,FF10) = 1
(L2,L1) = 0
(L2,L2) = 1
(L2,CC3) = 1
(L2,C3) = 172.4
(L2,C4) = 171.4
(L2,V5) = 171.4
(L2,V51) = 0.9942
(L2,VV6) = 170.4
(L2,VV8) = 0.9884
(L2,@TMP8) = 169.4
(L2,V9) = 170.4
(L2,C9) = 171.4
(L2,@TMP4) = 171.4
(L2,CC92) = 171.4
(L2,F10) = 1
(L2,FF10) = 1
(CC3,L1) = 0
(CC3,L2) = 0
(CC3,CC3) = 1
(CC3,C3) = 172.4
(CC3,C4) = 171.4
(CC3,V5) = 171.4
(CC3,V51) = 0.9942
(CC3,VV6) = 170.4
(CC3,VV8) = 0.9884
(CC3,@TMP8) = 169.4
(CC3,V9) = 170.4
(CC3,C9) = 171.4
(CC3,@TMP4) = 171.4
(CC3,CC92) = 171.4
(CC3,F10) = 1
(CC3,FF10) = 1
(C3,L1) = 0
(C3,L2) = 0
(C3,CC3) = 0
(C3,C3) = 172.4
(C3,C4) = 171.4
(C3,V5) = 171.4
(C3,V51) = 0.9942
(C3,VV6) = 170.4
(C3,VV8) = 0.9884
(C3,@TMP8) = 169.4
(C3,V9) = 170.4
(C3,C9) = 171.4
(C3,@TMP4) = 171.4
(C3,CC92) = 171.4
(C3,F10) = 1
(C3,FF10) = 1
(C4,L1) = 0
(C4,L2) = 0
(C4,CC3) = 0
(C4,C3) = 172.4
(C4,C4) = 172.4
(C4,V5) = 172.4
(C4,V51) = 1
(C4,VV6) = 171.4
(C4,VV8) = 0.9942
(C4,@TMP8) = 170.4
(C4,V9) = 171.4
(C4,C9) = 172.4
(C4,@TMP4) = 172.4
(C4,CC92) = 172.4
(C4,F10) = 1
(C4,FF10) = 1
(V5,L1) = 0
(V5,L2) = 0
(V5,CC3) = 0
(V5,C3) = 172.4
(V5,C4) = 171.4
(V5,V5) = 172.4
(V5,V51) = 1
(V5,VV6) = 171.4
(V5,VV8) = 0.9942
(V5,@TMP8) = 170.4
(V5,V9) = 171.4
(V5,C9) = 172.4
(V5,@TMP4) = 172.4
(V5,CC92) = 172.4
(V5,F10) = 1
(V5,FF10) = 1
(V51,L1) = 0
(V51,L2) = 0
(V51,CC3) = 0
(V51,C3) = 172.4
(V51,C4) = 171.4
(V51,V5) = 171.4
(V51,V51) = 1.994
(V51,VV6) = 170.4
(V51,VV8) = 0.9884
(V51,@TMP8) = 169.4
(V51,V9) = 170.4
(V51,C9) = 172.4
(V51,@TMP4) = 172.4
(V51,CC92) = 172.4
(V51,F10) = 1
(V51,FF10) = 1
(VV6,L1) = 0
(VV6,L2) = 0
(VV6,CC3) = 0
(VV6,C3) = 172.4
(VV6,C4) = 171.4
(VV6,V5) = 171.4
(VV6,V51) = 0.9942
(VV6,VV6) = 171.4
(VV6,VV8) = 0.9942
(VV6,@TMP8) = 170.4
(VV6,V9) = 171.4
(VV6,C9) = 172.4
(VV6,@TMP4) = 172.4
(VV6,CC92) = 172.4
(VV6,F10) = 1
(VV6,FF10) = 1
(VV8,L1) = 0
(VV8,L2) = 0
(VV8,CC3) = 0
(VV8,C3) = 172.4
(VV8,C4) = 171.4
(VV8,V5) = 171.4
(VV8,V51) = 0.9942
(VV8,VV6) = 170.4
(VV8,VV8) = 1.988
(VV8,@TMP8) = 169.4
(VV8,V9) = 171.4
(VV8,C9) = 172.4
(VV8,@TMP4) = 172.4
(VV8,CC92) = 172.4
(VV8,F10) = 1
(VV8,FF10) = 1
(@TMP8,L1) = 0
(@TMP8,L2) = 0
(@TMP8,CC3) = 0
(@TMP8,C3) = 172.4
(@TMP8,C4) = 171.4
(@TMP8,V5) = 171.4
(@TMP8,V51) = 0.9942
(@TMP8,VV6) = 170.4
(@TMP8,VV8) = 0.9884
(@TMP8,@TMP8) = 170.4
(@TMP8,V9) = 171.4
(@TMP8,C9) = 172.4
(@TMP8,@TMP4) = 172.4
(@TMP8,CC92) = 172.4
(@TMP8,F10) = 1
(@TMP8,FF10) = 1
(V9,L1) = 0
(V9,L2) = 0
(V9,CC3) = 0
(V9,C3) = 172.4
(V9,C4) = 171.4
(V9,V5) = 171.4
(V9,V51) = 0.9942
(V9,VV6) = 170.4
(V9,VV8) = 0.9884
(V9,@TMP8) = 169.4
(V9,V9) = 171.4
(V9,C9) = 172.4
(V9,@TMP4) = 172.4
(V9,CC92) = 172.4
(V9,F10) = 1
(V9,FF10) = 1
(C9,L1) = 0
(C9,L2) = 0
(C9,CC3) = 0
(C9,C3) = 172.4
(C9,C4) = 171.4
(C9,V5) = 171.4
(C9,V51) = 0.9942
(C9,VV6) = 170.4
(C9,VV8) = 0.9884
(C9,@TMP8) = 169.4
(C9,V9) = 170.4
(C9,C9) = 172.4
(C9,@TMP4) = 172.4
(C9,CC92) = 172.4
(C9,F10) = 1
(C9,FF10) = 1
(@TMP4,L1) = 0
(@TMP4,L2) = 0
(@TMP4,CC3) = 0
(@TMP4,C3) = 172.4
(@TMP4,C4) = 171.4
(@TMP4,V5) = 171.4
(@TMP4,V51) = 0.9942
(@TMP4,VV6) = 170.4
(@TMP4,VV8) = 0.9884
(@TMP4,@TMP8) = 169.4
(@TMP4,V9) = 170.4
(@TMP4,C9) = 171.4
(@TMP4,@TMP4) = 172.4
(@TMP4,CC92) = 172.4
(@TMP4,F10) = 1
(@TMP4,FF10) = 1
(CC92,L1) = 0
(CC92,L2) = 0
(CC92,CC3) = 0
(CC92,C3) = 172.4
(CC92,C4) = 171.4
(CC92,V5) = 171.4
(CC92,V51) = 0.9942
(CC92,VV6) = 170.4
(CC92,VV8) = 0.9884
(CC92,@TMP8) = 169.4
(CC92,V9) = 170.4
(CC92,C9) = 171.4
(CC92,@TMP4) = 171.4
(CC92,CC92) = 172.4
(CC92,F10) = 1
(CC92,FF10) = 1
(F10,L1) = 0
(F10,L2) = 0
(F10,CC3) = 0
(F10,C3) = 0
(F10,C4) = 0
(F10,V5) = 0
(F10,V51) = 0
(F10,VV6) = 0
(F10,VV8) = 0
(F10,@TMP8) = 0
(F10,V9) = 0
(F10,C9) = 0
(F10,@TMP4) = 0
(F10,CC92) = 0
(F10,F10) = 1
(F10,FF10) = 1
(FF10,L1) = 0
(FF10,L2) = 0
(FF10,CC3) = 0
(FF10,C3) = 0
(FF10,C4) = 0
(FF10,V5) = 0
(FF10,V51) = 0
(FF10,VV6) = 0
(FF10,VV8) = 0
(FF10,@TMP8) = 0
(FF10,V9) = 0
(FF10,C9) = 0
(FF10,@TMP4) = 0
(FF10,CC92) = 0
(FF10,F10) = 0
(FF10,FF10) = 1
******************************
Шаблон распознан как атомарная операция

Вызвано распознавание шаблона для подграфа @TMP4:
начальная вершина CC91, конечная вершина CC91
Текущее состояние фундаментальной матрицы:
******************************
(L1,L1) = 1
(L1,L2) = 1
(L1,CC3) = 1
(L1,C3) = 172.4
(L1,C4) = 171.4
(L1,V5) = 171.4
(L1,V51) = 0.9942
(L1,VV6) = 170.4
(L1,VV8) = 0.9884
(L1,VV7) = 169.4
(L1,V9) = 170.4
(L1,C9) = 171.4
(L1,@TMP4) = 171.4
(L1,CC92) = 171.4
(L1,F10) = 1
(L1,FF10) = 1
(L2,L1) = 0
(L2,L2) = 1
(L2,CC3) = 1
(L2,C3) = 172.4
(L2,C4) = 171.4
(L2,V5) = 171.4
(L2,V51) = 0.9942
(L2,VV6) = 170.4
(L2,VV8) = 0.9884
(L2,VV7) = 169.4
(L2,V9) = 170.4
(L2,C9) = 171.4
(L2,@TMP4) = 171.4
(L2,CC92) = 171.4
(L2,F10) = 1
(L2,FF10) = 1
(CC3,L1) = 0
(CC3,L2) = 0
(CC3,CC3) = 1
(CC3,C3) = 172.4
(CC3,C4) = 171.4
(CC3,V5) = 171.4
(CC3,V51) = 0.9942
(CC3,VV6) = 170.4
(CC3,VV8) = 0.9884
(CC3,VV7) = 169.4
(CC3,V9) = 170.4
(CC3,C9) = 171.4
(CC3,@TMP4) = 171.4
(CC3,CC92) = 171.4
(CC3,F10) = 1
(CC3,FF10) = 1
(C3,L1) = 0
(C3,L2) = 0
(C3,CC3) = 0
(C3,C3) = 172.4
(C3,C4) = 171.4
(C3,V5) = 171.4
(C3,V51) = 0.9942
(C3,VV6) = 170.4
(C3,VV8) = 0.9884
(C3,VV7) = 169.4
(C3,V9) = 170.4
(C3,C9) = 171.4
(C3,@TMP4) = 171.4
(C3,CC92) = 171.4
(C3,F10) = 1
(C3,FF10) = 1
(C4,L1) = 0
(C4,L2) = 0
(C4,CC3) = 0
(C4,C3) = 172.4
(C4,C4) = 172.4
(C4,V5) = 172.4
(C4,V51) = 1
(C4,VV6) = 171.4
(C4,VV8) = 0.9942
(C4,VV7) = 170.4
(C4,V9) = 171.4
(C4,C9) = 172.4
(C4,@TMP4) = 172.4
(C4,CC92) = 172.4
(C4,F10) = 1
(C4,FF10) = 1
(V5,L1) = 0
(V5,L2) = 0
(V5,CC3) = 0
(V5,C3) = 172.4
(V5,C4) = 171.4
(V5,V5) = 172.4
(V5,V51) = 1
(V5,VV6) = 171.4
(V5,VV8) = 0.9942
(V5,VV7) = 170.4
(V5,V9) = 171.4
(V5,C9) = 172.4
(V5,@TMP4) = 172.4
(V5,CC92) = 172.4
(V5,F10) = 1
(V5,FF10) = 1
(V51,L1) = 0
(V51,L2) = 0
(V51,CC3) = 0
(V51,C3) = 172.4
(V51,C4) = 171.4
(V51,V5) = 171.4
(V51,V51) = 1.994
(V51,VV6) = 170.4
(V51,VV8) = 0.9884
(V51,VV7) = 169.4
(V51,V9) = 170.4
(V51,C9) = 172.4
(V51,@TMP4) = 172.4
(V51,CC92) = 172.4
(V51,F10) = 1
(V51,FF10) = 1
(VV6,L1) = 0
(VV6,L2) = 0
(VV6,CC3) = 0
(VV6,C3) = 172.4
(VV6,C4) = 171.4
(VV6,V5) = 171.4
(VV6,V51) = 0.9942
(VV6,VV6) = 171.4
(VV6,VV8) = 0.9942
(VV6,VV7) = 170.4
(VV6,V9) = 171.4
(VV6,C9) = 172.4
(VV6,@TMP4) = 172.4
(VV6,CC92) = 172.4
(VV6,F10) = 1
(VV6,FF10) = 1
(VV8,L1) = 0
(VV8,L2) = 0
(VV8,CC3) = 0
(VV8,C3) = 172.4
(VV8,C4) = 171.4
(VV8,V5) = 171.4
(VV8,V51) = 0.9942
(VV8,VV6) = 170.4
(VV8,VV8) = 1.988
(VV8,VV7) = 169.4
(VV8,V9) = 171.4
(VV8,C9) = 172.4
(VV8,@TMP4) = 172.4
(VV8,CC92) = 172.4
(VV8,F10) = 1
(VV8,FF10) = 1
(VV7,L1) = 0
(VV7,L2) = 0
(VV7,CC3) = 0
(VV7,C3) = 172.4
(VV7,C4) = 171.4
(VV7,V5) = 171.4
(VV7,V51) = 0.9942
(VV7,VV6) = 170.4
(VV7,VV8) = 0.9884
(VV7,VV7) = 170.4
(VV7,V9) = 171.4
(VV7,C9) = 172.4
(VV7,@TMP4) = 172.4
(VV7,CC92) = 172.4
(VV7,F10) = 1
(VV7,FF10) = 1
(V9,L1) = 0
(V9,L2) = 0
(V9,CC3) = 0
(V9,C3) = 172.4
(V9,C4) = 171.4
(V9,V5) = 171.4
(V9,V51) = 0.9942
(V9,VV6) = 170.4
(V9,VV8) = 0.9884
(V9,VV7) = 169.4
(V9,V9) = 171.4
(V9,C9) = 172.4
(V9,@TMP4) = 172.4
(V9,CC92) = 172.4
(V9,F10) = 1
(V9,FF10) = 1
(C9,L1) = 0
(C9,L2) = 0
(C9,CC3) = 0
(C9,C3) = 172.4
(C9,C4) = 171.4
(C9,V5) = 171.4
(C9,V51) = 0.9942
(C9,VV6) = 170.4
(C9,VV8) = 0.9884
(C9,VV7) = 169.4
(C9,V9) = 170.4
(C9,C9) = 172.4
(C9,@TMP4) = 172.4
(C9,CC92) = 172.4
(C9,F10) = 1
(C9,FF10) = 1
(@TMP4,L1) = 0
(@TMP4,L2) = 0
(@TMP4,CC3) = 0
(@TMP4,C3) = 172.4
(@TMP4,C4) = 171.4
(@TMP4,V5) = 171.4
(@TMP4,V51) = 0.9942
(@TMP4,VV6) = 170.4
(@TMP4,VV8) = 0.9884
(@TMP4,VV7) = 169.4
(@TMP4,V9) = 170.4
(@TMP4,C9) = 171.4
(@TMP4,@TMP4) = 172.4
(@TMP4,CC92) = 172.4
(@TMP4,F10) = 1
(@TMP4,FF10) = 1
(CC92,L1) = 0
(CC92,L2) = 0
(CC92,CC3) = 0
(CC92,C3) = 172.4
(CC92,C4) = 171.4
(CC92,V5) = 171.4
(CC92,V51) = 0.9942
(CC92,VV6) = 170.4
(CC92,VV8) = 0.9884
(CC92,VV7) = 169.4
(CC92,V9) = 170.4
(CC92,C9) = 171.4
(CC92,@TMP4) = 171.4
(CC92,CC92) = 172.4
(CC92,F10) = 1
(CC92,FF10) = 1
(F10,L1) = 0
(F10,L2) = 0
(F10,CC3) = 0
(F10,C3) = 0
(F10,C4) = 0
(F10,V5) = 0
(F10,V51) = 0
(F10,VV6) = 0
(F10,VV8) = 0
(F10,VV7) = 0
(F10,V9) = 0
(F10,C9) = 0
(F10,@TMP4) = 0
(F10,CC92) = 0
(F10,F10) = 1
(F10,FF10) = 1
(FF10,L1) = 0
(FF10,L2) = 0
(FF10,CC3) = 0
(FF10,C3) = 0
(FF10,C4) = 0
(FF10,V5) = 0
(FF10,V51) = 0
(FF10,VV6) = 0
(FF10,VV8) = 0
(FF10,VV7) = 0
(FF10,V9) = 0
(FF10,C9) = 0
(FF10,@TMP4) = 0
(FF10,CC92) = 0
(FF10,F10) = 0
(FF10,FF10) = 1
******************************
Шаблон распознан как атомарная операция

Результат:
******************************
(L1,L1) = 1
(L1,L2) = 1
(L1,CC3) = 1
(L1,C3) = 172.4
(L1,C4) = 171.4
(L1,V5) = 171.4
(L1,V51) = 0.9942
(L1,VV6) = 170.4
(L1,VV8) = 0.9884
(L1,VV7) = 169.4
(L1,V9) = 170.4
(L1,C9) = 171.4
(L1,CC91) = 171.4
(L1,CC92) = 171.4
(L1,F10) = 1
(L1,FF10) = 1
(L2,L1) = 0
(L2,L2) = 1
(L2,CC3) = 1
(L2,C3) = 172.4
(L2,C4) = 171.4
(L2,V5) = 171.4
(L2,V51) = 0.9942
(L2,VV6) = 170.4
(L2,VV8) = 0.9884
(L2,VV7) = 169.4
(L2,V9) = 170.4
(L2,C9) = 171.4
(L2,CC91) = 171.4
(L2,CC92) = 171.4
(L2,F10) = 1
(L2,FF10) = 1
(CC3,L1) = 0
(CC3,L2) = 0
(CC3,CC3) = 1
(CC3,C3) = 172.4
(CC3,C4) = 171.4
(CC3,V5) = 171.4
(CC3,V51) = 0.9942
(CC3,VV6) = 170.4
(CC3,VV8) = 0.9884
(CC3,VV7) = 169.4
(CC3,V9) = 170.4
(CC3,C9) = 171.4
(CC3,CC91) = 171.4
(CC3,CC92) = 171.4
(CC3,F10) = 1
(CC3,FF10) = 1
(C3,L1) = 0
(C3,L2) = 0
(C3,CC3) = 0
(C3,C3) = 172.4
(C3,C4) = 171.4
(C3,V5) = 171.4
(C3,V51) = 0.9942
(C3,VV6) = 170.4
(C3,VV8) = 0.9884
(C3,VV7) = 169.4
(C3,V9) = 170.4
(C3,C9) = 171.4
(C3,CC91) = 171.4
(C3,CC92) = 171.4
(C3,F10) = 1
(C3,FF10) = 1
(C4,L1) = 0
(C4,L2) = 0
(C4,CC3) = 0
(C4,C3) = 172.4
(C4,C4) = 172.4
(C4,V5) = 172.4
(C4,V51) = 1
(C4,VV6) = 171.4
(C4,VV8) = 0.9942
(C4,VV7) = 170.4
(C4,V9) = 171.4
(C4,C9) = 172.4
(C4,CC91) = 172.4
(C4,CC92) = 172.4
(C4,F10) = 1
(C4,FF10) = 1
(V5,L1) = 0
(V5,L2) = 0
(V5,CC3) = 0
(V5,C3) = 172.4
(V5,C4) = 171.4
(V5,V5) = 172.4
(V5,V51) = 1
(V5,VV6) = 171.4
(V5,VV8) = 0.9942
(V5,VV7) = 170.4
(V5,V9) = 171.4
(V5,C9) = 172.4
(V5,CC91) = 172.4
(V5,CC92) = 172.4
(V5,F10) = 1
(V5,FF10) = 1
(V51,L1) = 0
(V51,L2) = 0
(V51,CC3) = 0
(V51,C3) = 172.4
(V51,C4) = 171.4
(V51,V5) = 171.4
(V51,V51) = 1.994
(V51,VV6) = 170.4
(V51,VV8) = 0.9884
(V51,VV7) = 169.4
(V51,V9) = 170.4
(V51,C9) = 172.4
(V51,CC91) = 172.4
(V51,CC92) = 172.4
(V51,F10) = 1
(V51,FF10) = 1
(VV6,L1) = 0
(VV6,L2) = 0
(VV6,CC3) = 0
(VV6,C3) = 172.4
(VV6,C4) = 171.4
(VV6,V5) = 171.4
(VV6,V51) = 0.9942
(VV6,VV6) = 171.4
(VV6,VV8) = 0.9942
(VV6,VV7) = 170.4
(VV6,V9) = 171.4
(VV6,C9) = 172.4
(VV6,CC91) = 172.4
(VV6,CC92) = 172.4
(VV6,F10) = 1
(VV6,FF10) = 1
(VV8,L1) = 0
(VV8,L2) = 0
(VV8,CC3) = 0
(VV8,C3) = 172.4
(VV8,C4) = 171.4
(VV8,V5) = 171.4
(VV8,V51) = 0.9942
(VV8,VV6) = 170.4
(VV8,VV8) = 1.988
(VV8,VV7) = 169.4
(VV8,V9) = 171.4
(VV8,C9) = 172.4
(VV8,CC91) = 172.4
(VV8,CC92) = 172.4
(VV8,F10) = 1
(VV8,FF10) = 1
(VV7,L1) = 0
(VV7,L2) = 0
(VV7,CC3) = 0
(VV7,C3) = 172.4
(VV7,C4) = 171.4
(VV7,V5) = 171.4
(VV7,V51) = 0.9942
(VV7,VV6) = 170.4
(VV7,VV8) = 0.9884
(VV7,VV7) = 170.4
(VV7,V9) = 171.4
(VV7,C9) = 172.4
(VV7,CC91) = 172.4
(VV7,CC92) = 172.4
(VV7,F10) = 1
(VV7,FF10) = 1
(V9,L1) = 0
(V9,L2) = 0
(V9,CC3) = 0
(V9,C3) = 172.4
(V9,C4) = 171.4
(V9,V5) = 171.4
(V9,V51) = 0.9942
(V9,VV6) = 170.4
(V9,VV8) = 0.9884
(V9,VV7) = 169.4
(V9,V9) = 171.4
(V9,C9) = 172.4
(V9,CC91) = 172.4
(V9,CC92) = 172.4
(V9,F10) = 1
(V9,FF10) = 1
(C9,L1) = 0
(C9,L2) = 0
(C9,CC3) = 0
(C9,C3) = 172.4
(C9,C4) = 171.4
(C9,V5) = 171.4
(C9,V51) = 0.9942
(C9,VV6) = 170.4
(C9,VV8) = 0.9884
(C9,VV7) = 169.4
(C9,V9) = 170.4
(C9,C9) = 172.4
(C9,CC91) = 172.4
(C9,CC92) = 172.4
(C9,F10) = 1
(C9,FF10) = 1
(CC91,L1) = 0
(CC91,L2) = 0
(CC91,CC3) = 0
(CC91,C3) = 172.4
(CC91,C4) = 171.4
(CC91,V5) = 171.4
(CC91,V51) = 0.9942
(CC91,VV6) = 170.4
(CC91,VV8) = 0.9884
(CC91,VV7) = 169.4
(CC91,V9) = 170.4
(CC91,C9) = 171.4
(CC91,CC91) = 172.4
(CC91,CC92) = 172.4
(CC91,F10) = 1
(CC91,FF10) = 1
(CC92,L1) = 0
(CC92,L2) = 0
(CC92,CC3) = 0
(CC92,C3) = 172.4
(CC92,C4) = 171.4
(CC92,V5) = 171.4
(CC92,V51) = 0.9942
(CC92,VV6) = 170.4
(CC92,VV8) = 0.9884
(CC92,VV7) = 169.4
(CC92,V9) = 170.4
(CC92,C9) = 171.4
(CC92,CC91) = 171.4
(CC92,CC92) = 172.4
(CC92,F10) = 1
(CC92,FF10) = 1
(F10,L1) = 0
(F10,L2) = 0
(F10,CC3) = 0
(F10,C3) = 0
(F10,C4) = 0
(F10,V5) = 0
(F10,V51) = 0
(F10,VV6) = 0
(F10,VV8) = 0
(F10,VV7) = 0
(F10,V9) = 0
(F10,C9) = 0
(F10,CC91) = 0
(F10,CC92) = 0
(F10,F10) = 1
(F10,FF10) = 1
(FF10,L1) = 0
(FF10,L2) = 0
(FF10,CC3) = 0
(FF10,C3) = 0
(FF10,C4) = 0
(FF10,V5) = 0
(FF10,V51) = 0
(FF10,VV6) = 0
(FF10,VV8) = 0
(FF10,VV7) = 0
(FF10,V9) = 0
(FF10,C9) = 0
(FF10,CC91) = 0
(FF10,CC92) = 0
(FF10,F10) = 0
(FF10,FF10) = 1
******************************
