Файл получен с помощью программы fm.exe Version 1.0.1 (build Dec 14 2000 17:32:35)


Вызвано распознавание шаблона для подграфа @ROOT:
начальная вершина L1, конечная вершина L10
Текущее состояние фундаментальной матрицы:
*************************
     @ROOT ║          1 ║
*************************
Конструкция СЛЕДОВАНИЕ

Начало первого оператора: L2
Окончание первого оператора: L2
Начало второго оператора: CC3
Окончание второго оператора: C10
Матрица для подстановки:
**********************************************************
        L1 ║          1          1          1          1 ║
     @TMP0 ║          0          1          1          1 ║
     @TMP1 ║          0          0          1          1 ║
       L10 ║          0          0          0          1 ║
**********************************************************

Вызвано распознавание шаблона для подграфа @TMP0:
начальная вершина L2, конечная вершина L2
Текущее состояние фундаментальной матрицы:
**********************************************************
        L1 ║          1          1          1          1 ║
     @TMP0 ║          0          1          1          1 ║
     @TMP1 ║          0          0          1          1 ║
       L10 ║          0          0          0          1 ║
**********************************************************
Шаблон распознан как атомарная операция

Вызвано распознавание шаблона для подграфа @TMP1:
начальная вершина CC3, конечная вершина C10
Текущее состояние фундаментальной матрицы:
**********************************************************
        L1 ║          1          1          1          1 ║
        L2 ║          0          1          1          1 ║
     @TMP1 ║          0          0          1          1 ║
       L10 ║          0          0          0          1 ║
**********************************************************
Конструкция ЦИКЛ

Вершина проверки условия: C3
Дуга, входящая в тело цикла: C3->LL4
Дуга, выходящая из тела цикла: LL92->C3
Вероятность повторения тела цикла: 0.9942
Вероятность выхода из цикла: 0.0058
Матрица для подстановки:
**********************************************************
       CC3 ║          1      172.4      171.4          1 ║
        C3 ║          0      172.4      171.4          1 ║
     @TMP2 ║          0      172.4      172.4          1 ║
       C10 ║          0          0          0          1 ║
**********************************************************

Вызвано распознавание шаблона для подграфа @TMP2:
начальная вершина LL4, конечная вершина LL92
Текущее состояние фундаментальной матрицы:
*******************************************************************************************
        L1 ║          1          1          1      172.4      171.4          1          1 ║
        L2 ║          0          1          1      172.4      171.4          1          1 ║
       CC3 ║          0          0          1      172.4      171.4          1          1 ║
        C3 ║          0          0          0      172.4      171.4          1          1 ║
     @TMP2 ║          0          0          0      172.4      172.4          1          1 ║
       C10 ║          0          0          0          0          0          1          1 ║
       L10 ║          0          0          0          0          0          0          1 ║
*******************************************************************************************
Конструкция СЛЕДОВАНИЕ

Начало первого оператора: B5
Окончание первого оператора: B9
Начало второго оператора: LL91
Окончание второго оператора: LL91
Матрица для подстановки:
**********************************************************
       LL4 ║          1          1          1          1 ║
     @TMP3 ║          0          1          1          1 ║
     @TMP4 ║          0          0          1          1 ║
      LL92 ║          0          0          0          1 ║
**********************************************************

Вызвано распознавание шаблона для подграфа @TMP3:
начальная вершина B5, конечная вершина B9
Текущее состояние фундаментальной матрицы:
****************************************************************************************************************************
        L1 ║          1          1          1      172.4      171.4      171.4      171.4      171.4          1          1 ║
        L2 ║          0          1          1      172.4      171.4      171.4      171.4      171.4          1          1 ║
       CC3 ║          0          0          1      172.4      171.4      171.4      171.4      171.4          1          1 ║
        C3 ║          0          0          0      172.4      171.4      171.4      171.4      171.4          1          1 ║
       LL4 ║          0          0          0      172.4      172.4      172.4      172.4      172.4          1          1 ║
     @TMP3 ║          0          0          0      172.4      171.4      172.4      172.4      172.4          1          1 ║
     @TMP4 ║          0          0          0      172.4      171.4      171.4      172.4      172.4          1          1 ║
      LL92 ║          0          0          0      172.4      171.4      171.4      171.4      172.4          1          1 ║
       C10 ║          0          0          0          0          0          0          0          0          1          1 ║
       L10 ║          0          0          0          0          0          0          0          0          0          1 ║
****************************************************************************************************************************
Конструкция ВЕТВЛЕНИЕ

Матрица для подстановки:
**********************************************************
        B5 ║          1     0.0058     0.9942          1 ║
     @TMP5 ║          0          1          0          1 ║
     @TMP6 ║          0          0          1          1 ║
        B9 ║          0          0          0          1 ║
**********************************************************

Вызвано распознавание шаблона для подграфа @TMP5:
начальная вершина B51, конечная вершина B51
Текущее состояние фундаментальной матрицы:
******************************
(L1,L1) = 1
(L1,L2) = 1
(L1,CC3) = 1
(L1,C3) = 172.4
(L1,LL4) = 171.4
(L1,B5) = 171.4
(L1,@TMP5) = 0.9942
(L1,@TMP6) = 170.4
(L1,B9) = 171.4
(L1,@TMP4) = 171.4
(L1,LL92) = 171.4
(L1,C10) = 1
(L1,L10) = 1
(L2,L1) = 0
(L2,L2) = 1
(L2,CC3) = 1
(L2,C3) = 172.4
(L2,LL4) = 171.4
(L2,B5) = 171.4
(L2,@TMP5) = 0.9942
(L2,@TMP6) = 170.4
(L2,B9) = 171.4
(L2,@TMP4) = 171.4
(L2,LL92) = 171.4
(L2,C10) = 1
(L2,L10) = 1
(CC3,L1) = 0
(CC3,L2) = 0
(CC3,CC3) = 1
(CC3,C3) = 172.4
(CC3,LL4) = 171.4
(CC3,B5) = 171.4
(CC3,@TMP5) = 0.9942
(CC3,@TMP6) = 170.4
(CC3,B9) = 171.4
(CC3,@TMP4) = 171.4
(CC3,LL92) = 171.4
(CC3,C10) = 1
(CC3,L10) = 1
(C3,L1) = 0
(C3,L2) = 0
(C3,CC3) = 0
(C3,C3) = 172.4
(C3,LL4) = 171.4
(C3,B5) = 171.4
(C3,@TMP5) = 0.9942
(C3,@TMP6) = 170.4
(C3,B9) = 171.4
(C3,@TMP4) = 171.4
(C3,LL92) = 171.4
(C3,C10) = 1
(C3,L10) = 1
(LL4,L1) = 0
(LL4,L2) = 0
(LL4,CC3) = 0
(LL4,C3) = 172.4
(LL4,LL4) = 172.4
(LL4,B5) = 172.4
(LL4,@TMP5) = 1
(LL4,@TMP6) = 171.4
(LL4,B9) = 172.4
(LL4,@TMP4) = 172.4
(LL4,LL92) = 172.4
(LL4,C10) = 1
(LL4,L10) = 1
(B5,L1) = 0
(B5,L2) = 0
(B5,CC3) = 0
(B5,C3) = 172.4
(B5,LL4) = 171.4
(B5,B5) = 172.4
(B5,@TMP5) = 1
(B5,@TMP6) = 171.4
(B5,B9) = 172.4
(B5,@TMP4) = 172.4
(B5,LL92) = 172.4
(B5,C10) = 1
(B5,L10) = 1
(@TMP5,L1) = 0
(@TMP5,L2) = 0
(@TMP5,CC3) = 0
(@TMP5,C3) = 172.4
(@TMP5,LL4) = 171.4
(@TMP5,B5) = 171.4
(@TMP5,@TMP5) = 1.994
(@TMP5,@TMP6) = 170.4
(@TMP5,B9) = 172.4
(@TMP5,@TMP4) = 172.4
(@TMP5,LL92) = 172.4
(@TMP5,C10) = 1
(@TMP5,L10) = 1
(@TMP6,L1) = 0
(@TMP6,L2) = 0
(@TMP6,CC3) = 0
(@TMP6,C3) = 172.4
(@TMP6,LL4) = 171.4
(@TMP6,B5) = 171.4
(@TMP6,@TMP5) = 0.9942
(@TMP6,@TMP6) = 171.4
(@TMP6,B9) = 172.4
(@TMP6,@TMP4) = 172.4
(@TMP6,LL92) = 172.4
(@TMP6,C10) = 1
(@TMP6,L10) = 1
(B9,L1) = 0
(B9,L2) = 0
(B9,CC3) = 0
(B9,C3) = 172.4
(B9,LL4) = 171.4
(B9,B5) = 171.4
(B9,@TMP5) = 0.9942
(B9,@TMP6) = 170.4
(B9,B9) = 172.4
(B9,@TMP4) = 172.4
(B9,LL92) = 172.4
(B9,C10) = 1
(B9,L10) = 1
(@TMP4,L1) = 0
(@TMP4,L2) = 0
(@TMP4,CC3) = 0
(@TMP4,C3) = 172.4
(@TMP4,LL4) = 171.4
(@TMP4,B5) = 171.4
(@TMP4,@TMP5) = 0.9942
(@TMP4,@TMP6) = 170.4
(@TMP4,B9) = 171.4
(@TMP4,@TMP4) = 172.4
(@TMP4,LL92) = 172.4
(@TMP4,C10) = 1
(@TMP4,L10) = 1
(LL92,L1) = 0
(LL92,L2) = 0
(LL92,CC3) = 0
(LL92,C3) = 172.4
(LL92,LL4) = 171.4
(LL92,B5) = 171.4
(LL92,@TMP5) = 0.9942
(LL92,@TMP6) = 170.4
(LL92,B9) = 171.4
(LL92,@TMP4) = 171.4
(LL92,LL92) = 172.4
(LL92,C10) = 1
(LL92,L10) = 1
(C10,L1) = 0
(C10,L2) = 0
(C10,CC3) = 0
(C10,C3) = 0
(C10,LL4) = 0
(C10,B5) = 0
(C10,@TMP5) = 0
(C10,@TMP6) = 0
(C10,B9) = 0
(C10,@TMP4) = 0
(C10,LL92) = 0
(C10,C10) = 1
(C10,L10) = 1
(L10,L1) = 0
(L10,L2) = 0
(L10,CC3) = 0
(L10,C3) = 0
(L10,LL4) = 0
(L10,B5) = 0
(L10,@TMP5) = 0
(L10,@TMP6) = 0
(L10,B9) = 0
(L10,@TMP4) = 0
(L10,LL92) = 0
(L10,C10) = 0
(L10,L10) = 1
******************************
Шаблон распознан как атомарная операция

Вызвано распознавание шаблона для подграфа @TMP6:
начальная вершина BB6, конечная вершина BB9
Текущее состояние фундаментальной матрицы:
******************************
(L1,L1) = 1
(L1,L2) = 1
(L1,CC3) = 1
(L1,C3) = 172.4
(L1,LL4) = 171.4
(L1,B5) = 171.4
(L1,B51) = 0.9942
(L1,@TMP6) = 170.4
(L1,B9) = 171.4
(L1,@TMP4) = 171.4
(L1,LL92) = 171.4
(L1,C10) = 1
(L1,L10) = 1
(L2,L1) = 0
(L2,L2) = 1
(L2,CC3) = 1
(L2,C3) = 172.4
(L2,LL4) = 171.4
(L2,B5) = 171.4
(L2,B51) = 0.9942
(L2,@TMP6) = 170.4
(L2,B9) = 171.4
(L2,@TMP4) = 171.4
(L2,LL92) = 171.4
(L2,C10) = 1
(L2,L10) = 1
(CC3,L1) = 0
(CC3,L2) = 0
(CC3,CC3) = 1
(CC3,C3) = 172.4
(CC3,LL4) = 171.4
(CC3,B5) = 171.4
(CC3,B51) = 0.9942
(CC3,@TMP6) = 170.4
(CC3,B9) = 171.4
(CC3,@TMP4) = 171.4
(CC3,LL92) = 171.4
(CC3,C10) = 1
(CC3,L10) = 1
(C3,L1) = 0
(C3,L2) = 0
(C3,CC3) = 0
(C3,C3) = 172.4
(C3,LL4) = 171.4
(C3,B5) = 171.4
(C3,B51) = 0.9942
(C3,@TMP6) = 170.4
(C3,B9) = 171.4
(C3,@TMP4) = 171.4
(C3,LL92) = 171.4
(C3,C10) = 1
(C3,L10) = 1
(LL4,L1) = 0
(LL4,L2) = 0
(LL4,CC3) = 0
(LL4,C3) = 172.4
(LL4,LL4) = 172.4
(LL4,B5) = 172.4
(LL4,B51) = 1
(LL4,@TMP6) = 171.4
(LL4,B9) = 172.4
(LL4,@TMP4) = 172.4
(LL4,LL92) = 172.4
(LL4,C10) = 1
(LL4,L10) = 1
(B5,L1) = 0
(B5,L2) = 0
(B5,CC3) = 0
(B5,C3) = 172.4
(B5,LL4) = 171.4
(B5,B5) = 172.4
(B5,B51) = 1
(B5,@TMP6) = 171.4
(B5,B9) = 172.4
(B5,@TMP4) = 172.4
(B5,LL92) = 172.4
(B5,C10) = 1
(B5,L10) = 1
(B51,L1) = 0
(B51,L2) = 0
(B51,CC3) = 0
(B51,C3) = 172.4
(B51,LL4) = 171.4
(B51,B5) = 171.4
(B51,B51) = 1.994
(B51,@TMP6) = 170.4
(B51,B9) = 172.4
(B51,@TMP4) = 172.4
(B51,LL92) = 172.4
(B51,C10) = 1
(B51,L10) = 1
(@TMP6,L1) = 0
(@TMP6,L2) = 0
(@TMP6,CC3) = 0
(@TMP6,C3) = 172.4
(@TMP6,LL4) = 171.4
(@TMP6,B5) = 171.4
(@TMP6,B51) = 0.9942
(@TMP6,@TMP6) = 171.4
(@TMP6,B9) = 172.4
(@TMP6,@TMP4) = 172.4
(@TMP6,LL92) = 172.4
(@TMP6,C10) = 1
(@TMP6,L10) = 1
(B9,L1) = 0
(B9,L2) = 0
(B9,CC3) = 0
(B9,C3) = 172.4
(B9,LL4) = 171.4
(B9,B5) = 171.4
(B9,B51) = 0.9942
(B9,@TMP6) = 170.4
(B9,B9) = 172.4
(B9,@TMP4) = 172.4
(B9,LL92) = 172.4
(B9,C10) = 1
(B9,L10) = 1
(@TMP4,L1) = 0
(@TMP4,L2) = 0
(@TMP4,CC3) = 0
(@TMP4,C3) = 172.4
(@TMP4,LL4) = 171.4
(@TMP4,B5) = 171.4
(@TMP4,B51) = 0.9942
(@TMP4,@TMP6) = 170.4
(@TMP4,B9) = 171.4
(@TMP4,@TMP4) = 172.4
(@TMP4,LL92) = 172.4
(@TMP4,C10) = 1
(@TMP4,L10) = 1
(LL92,L1) = 0
(LL92,L2) = 0
(LL92,CC3) = 0
(LL92,C3) = 172.4
(LL92,LL4) = 171.4
(LL92,B5) = 171.4
(LL92,B51) = 0.9942
(LL92,@TMP6) = 170.4
(LL92,B9) = 171.4
(LL92,@TMP4) = 171.4
(LL92,LL92) = 172.4
(LL92,C10) = 1
(LL92,L10) = 1
(C10,L1) = 0
(C10,L2) = 0
(C10,CC3) = 0
(C10,C3) = 0
(C10,LL4) = 0
(C10,B5) = 0
(C10,B51) = 0
(C10,@TMP6) = 0
(C10,B9) = 0
(C10,@TMP4) = 0
(C10,LL92) = 0
(C10,C10) = 1
(C10,L10) = 1
(L10,L1) = 0
(L10,L2) = 0
(L10,CC3) = 0
(L10,C3) = 0
(L10,LL4) = 0
(L10,B5) = 0
(L10,B51) = 0
(L10,@TMP6) = 0
(L10,B9) = 0
(L10,@TMP4) = 0
(L10,LL92) = 0
(L10,C10) = 0
(L10,L10) = 1
******************************
Конструкция ВЕТВЛЕНИЕ

Матрица для подстановки:
**********************************************************
       BB6 ║          1     0.0058     0.9942          1 ║
     @TMP7 ║          0          1          0          1 ║
     @TMP8 ║          0          0          1          1 ║
       BB9 ║          0          0          0          1 ║
**********************************************************

Вызвано распознавание шаблона для подграфа @TMP7:
начальная вершина BB8, конечная вершина BB8
Текущее состояние фундаментальной матрицы:
******************************
(L1,L1) = 1
(L1,L2) = 1
(L1,CC3) = 1
(L1,C3) = 172.4
(L1,LL4) = 171.4
(L1,B5) = 171.4
(L1,B51) = 0.9942
(L1,BB6) = 170.4
(L1,@TMP7) = 0.9884
(L1,@TMP8) = 169.4
(L1,BB9) = 170.4
(L1,B9) = 171.4
(L1,@TMP4) = 171.4
(L1,LL92) = 171.4
(L1,C10) = 1
(L1,L10) = 1
(L2,L1) = 0
(L2,L2) = 1
(L2,CC3) = 1
(L2,C3) = 172.4
(L2,LL4) = 171.4
(L2,B5) = 171.4
(L2,B51) = 0.9942
(L2,BB6) = 170.4
(L2,@TMP7) = 0.9884
(L2,@TMP8) = 169.4
(L2,BB9) = 170.4
(L2,B9) = 171.4
(L2,@TMP4) = 171.4
(L2,LL92) = 171.4
(L2,C10) = 1
(L2,L10) = 1
(CC3,L1) = 0
(CC3,L2) = 0
(CC3,CC3) = 1
(CC3,C3) = 172.4
(CC3,LL4) = 171.4
(CC3,B5) = 171.4
(CC3,B51) = 0.9942
(CC3,BB6) = 170.4
(CC3,@TMP7) = 0.9884
(CC3,@TMP8) = 169.4
(CC3,BB9) = 170.4
(CC3,B9) = 171.4
(CC3,@TMP4) = 171.4
(CC3,LL92) = 171.4
(CC3,C10) = 1
(CC3,L10) = 1
(C3,L1) = 0
(C3,L2) = 0
(C3,CC3) = 0
(C3,C3) = 172.4
(C3,LL4) = 171.4
(C3,B5) = 171.4
(C3,B51) = 0.9942
(C3,BB6) = 170.4
(C3,@TMP7) = 0.9884
(C3,@TMP8) = 169.4
(C3,BB9) = 170.4
(C3,B9) = 171.4
(C3,@TMP4) = 171.4
(C3,LL92) = 171.4
(C3,C10) = 1
(C3,L10) = 1
(LL4,L1) = 0
(LL4,L2) = 0
(LL4,CC3) = 0
(LL4,C3) = 172.4
(LL4,LL4) = 172.4
(LL4,B5) = 172.4
(LL4,B51) = 1
(LL4,BB6) = 171.4
(LL4,@TMP7) = 0.9942
(LL4,@TMP8) = 170.4
(LL4,BB9) = 171.4
(LL4,B9) = 172.4
(LL4,@TMP4) = 172.4
(LL4,LL92) = 172.4
(LL4,C10) = 1
(LL4,L10) = 1
(B5,L1) = 0
(B5,L2) = 0
(B5,CC3) = 0
(B5,C3) = 172.4
(B5,LL4) = 171.4
(B5,B5) = 172.4
(B5,B51) = 1
(B5,BB6) = 171.4
(B5,@TMP7) = 0.9942
(B5,@TMP8) = 170.4
(B5,BB9) = 171.4
(B5,B9) = 172.4
(B5,@TMP4) = 172.4
(B5,LL92) = 172.4
(B5,C10) = 1
(B5,L10) = 1
(B51,L1) = 0
(B51,L2) = 0
(B51,CC3) = 0
(B51,C3) = 172.4
(B51,LL4) = 171.4
(B51,B5) = 171.4
(B51,B51) = 1.994
(B51,BB6) = 170.4
(B51,@TMP7) = 0.9884
(B51,@TMP8) = 169.4
(B51,BB9) = 170.4
(B51,B9) = 172.4
(B51,@TMP4) = 172.4
(B51,LL92) = 172.4
(B51,C10) = 1
(B51,L10) = 1
(BB6,L1) = 0
(BB6,L2) = 0
(BB6,CC3) = 0
(BB6,C3) = 172.4
(BB6,LL4) = 171.4
(BB6,B5) = 171.4
(BB6,B51) = 0.9942
(BB6,BB6) = 171.4
(BB6,@TMP7) = 0.9942
(BB6,@TMP8) = 170.4
(BB6,BB9) = 171.4
(BB6,B9) = 172.4
(BB6,@TMP4) = 172.4
(BB6,LL92) = 172.4
(BB6,C10) = 1
(BB6,L10) = 1
(@TMP7,L1) = 0
(@TMP7,L2) = 0
(@TMP7,CC3) = 0
(@TMP7,C3) = 172.4
(@TMP7,LL4) = 171.4
(@TMP7,B5) = 171.4
(@TMP7,B51) = 0.9942
(@TMP7,BB6) = 170.4
(@TMP7,@TMP7) = 1.988
(@TMP7,@TMP8) = 169.4
(@TMP7,BB9) = 171.4
(@TMP7,B9) = 172.4
(@TMP7,@TMP4) = 172.4
(@TMP7,LL92) = 172.4
(@TMP7,C10) = 1
(@TMP7,L10) = 1
(@TMP8,L1) = 0
(@TMP8,L2) = 0
(@TMP8,CC3) = 0
(@TMP8,C3) = 172.4
(@TMP8,LL4) = 171.4
(@TMP8,B5) = 171.4
(@TMP8,B51) = 0.9942
(@TMP8,BB6) = 170.4
(@TMP8,@TMP7) = 0.9884
(@TMP8,@TMP8) = 170.4
(@TMP8,BB9) = 171.4
(@TMP8,B9) = 172.4
(@TMP8,@TMP4) = 172.4
(@TMP8,LL92) = 172.4
(@TMP8,C10) = 1
(@TMP8,L10) = 1
(BB9,L1) = 0
(BB9,L2) = 0
(BB9,CC3) = 0
(BB9,C3) = 172.4
(BB9,LL4) = 171.4
(BB9,B5) = 171.4
(BB9,B51) = 0.9942
(BB9,BB6) = 170.4
(BB9,@TMP7) = 0.9884
(BB9,@TMP8) = 169.4
(BB9,BB9) = 171.4
(BB9,B9) = 172.4
(BB9,@TMP4) = 172.4
(BB9,LL92) = 172.4
(BB9,C10) = 1
(BB9,L10) = 1
(B9,L1) = 0
(B9,L2) = 0
(B9,CC3) = 0
(B9,C3) = 172.4
(B9,LL4) = 171.4
(B9,B5) = 171.4
(B9,B51) = 0.9942
(B9,BB6) = 170.4
(B9,@TMP7) = 0.9884
(B9,@TMP8) = 169.4
(B9,BB9) = 170.4
(B9,B9) = 172.4
(B9,@TMP4) = 172.4
(B9,LL92) = 172.4
(B9,C10) = 1
(B9,L10) = 1
(@TMP4,L1) = 0
(@TMP4,L2) = 0
(@TMP4,CC3) = 0
(@TMP4,C3) = 172.4
(@TMP4,LL4) = 171.4
(@TMP4,B5) = 171.4
(@TMP4,B51) = 0.9942
(@TMP4,BB6) = 170.4
(@TMP4,@TMP7) = 0.9884
(@TMP4,@TMP8) = 169.4
(@TMP4,BB9) = 170.4
(@TMP4,B9) = 171.4
(@TMP4,@TMP4) = 172.4
(@TMP4,LL92) = 172.4
(@TMP4,C10) = 1
(@TMP4,L10) = 1
(LL92,L1) = 0
(LL92,L2) = 0
(LL92,CC3) = 0
(LL92,C3) = 172.4
(LL92,LL4) = 171.4
(LL92,B5) = 171.4
(LL92,B51) = 0.9942
(LL92,BB6) = 170.4
(LL92,@TMP7) = 0.9884
(LL92,@TMP8) = 169.4
(LL92,BB9) = 170.4
(LL92,B9) = 171.4
(LL92,@TMP4) = 171.4
(LL92,LL92) = 172.4
(LL92,C10) = 1
(LL92,L10) = 1
(C10,L1) = 0
(C10,L2) = 0
(C10,CC3) = 0
(C10,C3) = 0
(C10,LL4) = 0
(C10,B5) = 0
(C10,B51) = 0
(C10,BB6) = 0
(C10,@TMP7) = 0
(C10,@TMP8) = 0
(C10,BB9) = 0
(C10,B9) = 0
(C10,@TMP4) = 0
(C10,LL92) = 0
(C10,C10) = 1
(C10,L10) = 1
(L10,L1) = 0
(L10,L2) = 0
(L10,CC3) = 0
(L10,C3) = 0
(L10,LL4) = 0
(L10,B5) = 0
(L10,B51) = 0
(L10,BB6) = 0
(L10,@TMP7) = 0
(L10,@TMP8) = 0
(L10,BB9) = 0
(L10,B9) = 0
(L10,@TMP4) = 0
(L10,LL92) = 0
(L10,C10) = 0
(L10,L10) = 1
******************************
Шаблон распознан как атомарная операция

Вызвано распознавание шаблона для подграфа @TMP8:
начальная вершина BB7, конечная вершина BB7
Текущее состояние фундаментальной матрицы:
******************************
(L1,L1) = 1
(L1,L2) = 1
(L1,CC3) = 1
(L1,C3) = 172.4
(L1,LL4) = 171.4
(L1,B5) = 171.4
(L1,B51) = 0.9942
(L1,BB6) = 170.4
(L1,BB8) = 0.9884
(L1,@TMP8) = 169.4
(L1,BB9) = 170.4
(L1,B9) = 171.4
(L1,@TMP4) = 171.4
(L1,LL92) = 171.4
(L1,C10) = 1
(L1,L10) = 1
(L2,L1) = 0
(L2,L2) = 1
(L2,CC3) = 1
(L2,C3) = 172.4
(L2,LL4) = 171.4
(L2,B5) = 171.4
(L2,B51) = 0.9942
(L2,BB6) = 170.4
(L2,BB8) = 0.9884
(L2,@TMP8) = 169.4
(L2,BB9) = 170.4
(L2,B9) = 171.4
(L2,@TMP4) = 171.4
(L2,LL92) = 171.4
(L2,C10) = 1
(L2,L10) = 1
(CC3,L1) = 0
(CC3,L2) = 0
(CC3,CC3) = 1
(CC3,C3) = 172.4
(CC3,LL4) = 171.4
(CC3,B5) = 171.4
(CC3,B51) = 0.9942
(CC3,BB6) = 170.4
(CC3,BB8) = 0.9884
(CC3,@TMP8) = 169.4
(CC3,BB9) = 170.4
(CC3,B9) = 171.4
(CC3,@TMP4) = 171.4
(CC3,LL92) = 171.4
(CC3,C10) = 1
(CC3,L10) = 1
(C3,L1) = 0
(C3,L2) = 0
(C3,CC3) = 0
(C3,C3) = 172.4
(C3,LL4) = 171.4
(C3,B5) = 171.4
(C3,B51) = 0.9942
(C3,BB6) = 170.4
(C3,BB8) = 0.9884
(C3,@TMP8) = 169.4
(C3,BB9) = 170.4
(C3,B9) = 171.4
(C3,@TMP4) = 171.4
(C3,LL92) = 171.4
(C3,C10) = 1
(C3,L10) = 1
(LL4,L1) = 0
(LL4,L2) = 0
(LL4,CC3) = 0
(LL4,C3) = 172.4
(LL4,LL4) = 172.4
(LL4,B5) = 172.4
(LL4,B51) = 1
(LL4,BB6) = 171.4
(LL4,BB8) = 0.9942
(LL4,@TMP8) = 170.4
(LL4,BB9) = 171.4
(LL4,B9) = 172.4
(LL4,@TMP4) = 172.4
(LL4,LL92) = 172.4
(LL4,C10) = 1
(LL4,L10) = 1
(B5,L1) = 0
(B5,L2) = 0
(B5,CC3) = 0
(B5,C3) = 172.4
(B5,LL4) = 171.4
(B5,B5) = 172.4
(B5,B51) = 1
(B5,BB6) = 171.4
(B5,BB8) = 0.9942
(B5,@TMP8) = 170.4
(B5,BB9) = 171.4
(B5,B9) = 172.4
(B5,@TMP4) = 172.4
(B5,LL92) = 172.4
(B5,C10) = 1
(B5,L10) = 1
(B51,L1) = 0
(B51,L2) = 0
(B51,CC3) = 0
(B51,C3) = 172.4
(B51,LL4) = 171.4
(B51,B5) = 171.4
(B51,B51) = 1.994
(B51,BB6) = 170.4
(B51,BB8) = 0.9884
(B51,@TMP8) = 169.4
(B51,BB9) = 170.4
(B51,B9) = 172.4
(B51,@TMP4) = 172.4
(B51,LL92) = 172.4
(B51,C10) = 1
(B51,L10) = 1
(BB6,L1) = 0
(BB6,L2) = 0
(BB6,CC3) = 0
(BB6,C3) = 172.4
(BB6,LL4) = 171.4
(BB6,B5) = 171.4
(BB6,B51) = 0.9942
(BB6,BB6) = 171.4
(BB6,BB8) = 0.9942
(BB6,@TMP8) = 170.4
(BB6,BB9) = 171.4
(BB6,B9) = 172.4
(BB6,@TMP4) = 172.4
(BB6,LL92) = 172.4
(BB6,C10) = 1
(BB6,L10) = 1
(BB8,L1) = 0
(BB8,L2) = 0
(BB8,CC3) = 0
(BB8,C3) = 172.4
(BB8,LL4) = 171.4
(BB8,B5) = 171.4
(BB8,B51) = 0.9942
(BB8,BB6) = 170.4
(BB8,BB8) = 1.988
(BB8,@TMP8) = 169.4
(BB8,BB9) = 171.4
(BB8,B9) = 172.4
(BB8,@TMP4) = 172.4
(BB8,LL92) = 172.4
(BB8,C10) = 1
(BB8,L10) = 1
(@TMP8,L1) = 0
(@TMP8,L2) = 0
(@TMP8,CC3) = 0
(@TMP8,C3) = 172.4
(@TMP8,LL4) = 171.4
(@TMP8,B5) = 171.4
(@TMP8,B51) = 0.9942
(@TMP8,BB6) = 170.4
(@TMP8,BB8) = 0.9884
(@TMP8,@TMP8) = 170.4
(@TMP8,BB9) = 171.4
(@TMP8,B9) = 172.4
(@TMP8,@TMP4) = 172.4
(@TMP8,LL92) = 172.4
(@TMP8,C10) = 1
(@TMP8,L10) = 1
(BB9,L1) = 0
(BB9,L2) = 0
(BB9,CC3) = 0
(BB9,C3) = 172.4
(BB9,LL4) = 171.4
(BB9,B5) = 171.4
(BB9,B51) = 0.9942
(BB9,BB6) = 170.4
(BB9,BB8) = 0.9884
(BB9,@TMP8) = 169.4
(BB9,BB9) = 171.4
(BB9,B9) = 172.4
(BB9,@TMP4) = 172.4
(BB9,LL92) = 172.4
(BB9,C10) = 1
(BB9,L10) = 1
(B9,L1) = 0
(B9,L2) = 0
(B9,CC3) = 0
(B9,C3) = 172.4
(B9,LL4) = 171.4
(B9,B5) = 171.4
(B9,B51) = 0.9942
(B9,BB6) = 170.4
(B9,BB8) = 0.9884
(B9,@TMP8) = 169.4
(B9,BB9) = 170.4
(B9,B9) = 172.4
(B9,@TMP4) = 172.4
(B9,LL92) = 172.4
(B9,C10) = 1
(B9,L10) = 1
(@TMP4,L1) = 0
(@TMP4,L2) = 0
(@TMP4,CC3) = 0
(@TMP4,C3) = 172.4
(@TMP4,LL4) = 171.4
(@TMP4,B5) = 171.4
(@TMP4,B51) = 0.9942
(@TMP4,BB6) = 170.4
(@TMP4,BB8) = 0.9884
(@TMP4,@TMP8) = 169.4
(@TMP4,BB9) = 170.4
(@TMP4,B9) = 171.4
(@TMP4,@TMP4) = 172.4
(@TMP4,LL92) = 172.4
(@TMP4,C10) = 1
(@TMP4,L10) = 1
(LL92,L1) = 0
(LL92,L2) = 0
(LL92,CC3) = 0
(LL92,C3) = 172.4
(LL92,LL4) = 171.4
(LL92,B5) = 171.4
(LL92,B51) = 0.9942
(LL92,BB6) = 170.4
(LL92,BB8) = 0.9884
(LL92,@TMP8) = 169.4
(LL92,BB9) = 170.4
(LL92,B9) = 171.4
(LL92,@TMP4) = 171.4
(LL92,LL92) = 172.4
(LL92,C10) = 1
(LL92,L10) = 1
(C10,L1) = 0
(C10,L2) = 0
(C10,CC3) = 0
(C10,C3) = 0
(C10,LL4) = 0
(C10,B5) = 0
(C10,B51) = 0
(C10,BB6) = 0
(C10,BB8) = 0
(C10,@TMP8) = 0
(C10,BB9) = 0
(C10,B9) = 0
(C10,@TMP4) = 0
(C10,LL92) = 0
(C10,C10) = 1
(C10,L10) = 1
(L10,L1) = 0
(L10,L2) = 0
(L10,CC3) = 0
(L10,C3) = 0
(L10,LL4) = 0
(L10,B5) = 0
(L10,B51) = 0
(L10,BB6) = 0
(L10,BB8) = 0
(L10,@TMP8) = 0
(L10,BB9) = 0
(L10,B9) = 0
(L10,@TMP4) = 0
(L10,LL92) = 0
(L10,C10) = 0
(L10,L10) = 1
******************************
Шаблон распознан как атомарная операция

Вызвано распознавание шаблона для подграфа @TMP4:
начальная вершина LL91, конечная вершина LL91
Текущее состояние фундаментальной матрицы:
******************************
(L1,L1) = 1
(L1,L2) = 1
(L1,CC3) = 1
(L1,C3) = 172.4
(L1,LL4) = 171.4
(L1,B5) = 171.4
(L1,B51) = 0.9942
(L1,BB6) = 170.4
(L1,BB8) = 0.9884
(L1,BB7) = 169.4
(L1,BB9) = 170.4
(L1,B9) = 171.4
(L1,@TMP4) = 171.4
(L1,LL92) = 171.4
(L1,C10) = 1
(L1,L10) = 1
(L2,L1) = 0
(L2,L2) = 1
(L2,CC3) = 1
(L2,C3) = 172.4
(L2,LL4) = 171.4
(L2,B5) = 171.4
(L2,B51) = 0.9942
(L2,BB6) = 170.4
(L2,BB8) = 0.9884
(L2,BB7) = 169.4
(L2,BB9) = 170.4
(L2,B9) = 171.4
(L2,@TMP4) = 171.4
(L2,LL92) = 171.4
(L2,C10) = 1
(L2,L10) = 1
(CC3,L1) = 0
(CC3,L2) = 0
(CC3,CC3) = 1
(CC3,C3) = 172.4
(CC3,LL4) = 171.4
(CC3,B5) = 171.4
(CC3,B51) = 0.9942
(CC3,BB6) = 170.4
(CC3,BB8) = 0.9884
(CC3,BB7) = 169.4
(CC3,BB9) = 170.4
(CC3,B9) = 171.4
(CC3,@TMP4) = 171.4
(CC3,LL92) = 171.4
(CC3,C10) = 1
(CC3,L10) = 1
(C3,L1) = 0
(C3,L2) = 0
(C3,CC3) = 0
(C3,C3) = 172.4
(C3,LL4) = 171.4
(C3,B5) = 171.4
(C3,B51) = 0.9942
(C3,BB6) = 170.4
(C3,BB8) = 0.9884
(C3,BB7) = 169.4
(C3,BB9) = 170.4
(C3,B9) = 171.4
(C3,@TMP4) = 171.4
(C3,LL92) = 171.4
(C3,C10) = 1
(C3,L10) = 1
(LL4,L1) = 0
(LL4,L2) = 0
(LL4,CC3) = 0
(LL4,C3) = 172.4
(LL4,LL4) = 172.4
(LL4,B5) = 172.4
(LL4,B51) = 1
(LL4,BB6) = 171.4
(LL4,BB8) = 0.9942
(LL4,BB7) = 170.4
(LL4,BB9) = 171.4
(LL4,B9) = 172.4
(LL4,@TMP4) = 172.4
(LL4,LL92) = 172.4
(LL4,C10) = 1
(LL4,L10) = 1
(B5,L1) = 0
(B5,L2) = 0
(B5,CC3) = 0
(B5,C3) = 172.4
(B5,LL4) = 171.4
(B5,B5) = 172.4
(B5,B51) = 1
(B5,BB6) = 171.4
(B5,BB8) = 0.9942
(B5,BB7) = 170.4
(B5,BB9) = 171.4
(B5,B9) = 172.4
(B5,@TMP4) = 172.4
(B5,LL92) = 172.4
(B5,C10) = 1
(B5,L10) = 1
(B51,L1) = 0
(B51,L2) = 0
(B51,CC3) = 0
(B51,C3) = 172.4
(B51,LL4) = 171.4
(B51,B5) = 171.4
(B51,B51) = 1.994
(B51,BB6) = 170.4
(B51,BB8) = 0.9884
(B51,BB7) = 169.4
(B51,BB9) = 170.4
(B51,B9) = 172.4
(B51,@TMP4) = 172.4
(B51,LL92) = 172.4
(B51,C10) = 1
(B51,L10) = 1
(BB6,L1) = 0
(BB6,L2) = 0
(BB6,CC3) = 0
(BB6,C3) = 172.4
(BB6,LL4) = 171.4
(BB6,B5) = 171.4
(BB6,B51) = 0.9942
(BB6,BB6) = 171.4
(BB6,BB8) = 0.9942
(BB6,BB7) = 170.4
(BB6,BB9) = 171.4
(BB6,B9) = 172.4
(BB6,@TMP4) = 172.4
(BB6,LL92) = 172.4
(BB6,C10) = 1
(BB6,L10) = 1
(BB8,L1) = 0
(BB8,L2) = 0
(BB8,CC3) = 0
(BB8,C3) = 172.4
(BB8,LL4) = 171.4
(BB8,B5) = 171.4
(BB8,B51) = 0.9942
(BB8,BB6) = 170.4
(BB8,BB8) = 1.988
(BB8,BB7) = 169.4
(BB8,BB9) = 171.4
(BB8,B9) = 172.4
(BB8,@TMP4) = 172.4
(BB8,LL92) = 172.4
(BB8,C10) = 1
(BB8,L10) = 1
(BB7,L1) = 0
(BB7,L2) = 0
(BB7,CC3) = 0
(BB7,C3) = 172.4
(BB7,LL4) = 171.4
(BB7,B5) = 171.4
(BB7,B51) = 0.9942
(BB7,BB6) = 170.4
(BB7,BB8) = 0.9884
(BB7,BB7) = 170.4
(BB7,BB9) = 171.4
(BB7,B9) = 172.4
(BB7,@TMP4) = 172.4
(BB7,LL92) = 172.4
(BB7,C10) = 1
(BB7,L10) = 1
(BB9,L1) = 0
(BB9,L2) = 0
(BB9,CC3) = 0
(BB9,C3) = 172.4
(BB9,LL4) = 171.4
(BB9,B5) = 171.4
(BB9,B51) = 0.9942
(BB9,BB6) = 170.4
(BB9,BB8) = 0.9884
(BB9,BB7) = 169.4
(BB9,BB9) = 171.4
(BB9,B9) = 172.4
(BB9,@TMP4) = 172.4
(BB9,LL92) = 172.4
(BB9,C10) = 1
(BB9,L10) = 1
(B9,L1) = 0
(B9,L2) = 0
(B9,CC3) = 0
(B9,C3) = 172.4
(B9,LL4) = 171.4
(B9,B5) = 171.4
(B9,B51) = 0.9942
(B9,BB6) = 170.4
(B9,BB8) = 0.9884
(B9,BB7) = 169.4
(B9,BB9) = 170.4
(B9,B9) = 172.4
(B9,@TMP4) = 172.4
(B9,LL92) = 172.4
(B9,C10) = 1
(B9,L10) = 1
(@TMP4,L1) = 0
(@TMP4,L2) = 0
(@TMP4,CC3) = 0
(@TMP4,C3) = 172.4
(@TMP4,LL4) = 171.4
(@TMP4,B5) = 171.4
(@TMP4,B51) = 0.9942
(@TMP4,BB6) = 170.4
(@TMP4,BB8) = 0.9884
(@TMP4,BB7) = 169.4
(@TMP4,BB9) = 170.4
(@TMP4,B9) = 171.4
(@TMP4,@TMP4) = 172.4
(@TMP4,LL92) = 172.4
(@TMP4,C10) = 1
(@TMP4,L10) = 1
(LL92,L1) = 0
(LL92,L2) = 0
(LL92,CC3) = 0
(LL92,C3) = 172.4
(LL92,LL4) = 171.4
(LL92,B5) = 171.4
(LL92,B51) = 0.9942
(LL92,BB6) = 170.4
(LL92,BB8) = 0.9884
(LL92,BB7) = 169.4
(LL92,BB9) = 170.4
(LL92,B9) = 171.4
(LL92,@TMP4) = 171.4
(LL92,LL92) = 172.4
(LL92,C10) = 1
(LL92,L10) = 1
(C10,L1) = 0
(C10,L2) = 0
(C10,CC3) = 0
(C10,C3) = 0
(C10,LL4) = 0
(C10,B5) = 0
(C10,B51) = 0
(C10,BB6) = 0
(C10,BB8) = 0
(C10,BB7) = 0
(C10,BB9) = 0
(C10,B9) = 0
(C10,@TMP4) = 0
(C10,LL92) = 0
(C10,C10) = 1
(C10,L10) = 1
(L10,L1) = 0
(L10,L2) = 0
(L10,CC3) = 0
(L10,C3) = 0
(L10,LL4) = 0
(L10,B5) = 0
(L10,B51) = 0
(L10,BB6) = 0
(L10,BB8) = 0
(L10,BB7) = 0
(L10,BB9) = 0
(L10,B9) = 0
(L10,@TMP4) = 0
(L10,LL92) = 0
(L10,C10) = 0
(L10,L10) = 1
******************************
Шаблон распознан как атомарная операция

Результат:
******************************
(L1,L1) = 1
(L1,L2) = 1
(L1,CC3) = 1
(L1,C3) = 172.4
(L1,LL4) = 171.4
(L1,B5) = 171.4
(L1,B51) = 0.9942
(L1,BB6) = 170.4
(L1,BB8) = 0.9884
(L1,BB7) = 169.4
(L1,BB9) = 170.4
(L1,B9) = 171.4
(L1,LL91) = 171.4
(L1,LL92) = 171.4
(L1,C10) = 1
(L1,L10) = 1
(L2,L1) = 0
(L2,L2) = 1
(L2,CC3) = 1
(L2,C3) = 172.4
(L2,LL4) = 171.4
(L2,B5) = 171.4
(L2,B51) = 0.9942
(L2,BB6) = 170.4
(L2,BB8) = 0.9884
(L2,BB7) = 169.4
(L2,BB9) = 170.4
(L2,B9) = 171.4
(L2,LL91) = 171.4
(L2,LL92) = 171.4
(L2,C10) = 1
(L2,L10) = 1
(CC3,L1) = 0
(CC3,L2) = 0
(CC3,CC3) = 1
(CC3,C3) = 172.4
(CC3,LL4) = 171.4
(CC3,B5) = 171.4
(CC3,B51) = 0.9942
(CC3,BB6) = 170.4
(CC3,BB8) = 0.9884
(CC3,BB7) = 169.4
(CC3,BB9) = 170.4
(CC3,B9) = 171.4
(CC3,LL91) = 171.4
(CC3,LL92) = 171.4
(CC3,C10) = 1
(CC3,L10) = 1
(C3,L1) = 0
(C3,L2) = 0
(C3,CC3) = 0
(C3,C3) = 172.4
(C3,LL4) = 171.4
(C3,B5) = 171.4
(C3,B51) = 0.9942
(C3,BB6) = 170.4
(C3,BB8) = 0.9884
(C3,BB7) = 169.4
(C3,BB9) = 170.4
(C3,B9) = 171.4
(C3,LL91) = 171.4
(C3,LL92) = 171.4
(C3,C10) = 1
(C3,L10) = 1
(LL4,L1) = 0
(LL4,L2) = 0
(LL4,CC3) = 0
(LL4,C3) = 172.4
(LL4,LL4) = 172.4
(LL4,B5) = 172.4
(LL4,B51) = 1
(LL4,BB6) = 171.4
(LL4,BB8) = 0.9942
(LL4,BB7) = 170.4
(LL4,BB9) = 171.4
(LL4,B9) = 172.4
(LL4,LL91) = 172.4
(LL4,LL92) = 172.4
(LL4,C10) = 1
(LL4,L10) = 1
(B5,L1) = 0
(B5,L2) = 0
(B5,CC3) = 0
(B5,C3) = 172.4
(B5,LL4) = 171.4
(B5,B5) = 172.4
(B5,B51) = 1
(B5,BB6) = 171.4
(B5,BB8) = 0.9942
(B5,BB7) = 170.4
(B5,BB9) = 171.4
(B5,B9) = 172.4
(B5,LL91) = 172.4
(B5,LL92) = 172.4
(B5,C10) = 1
(B5,L10) = 1
(B51,L1) = 0
(B51,L2) = 0
(B51,CC3) = 0
(B51,C3) = 172.4
(B51,LL4) = 171.4
(B51,B5) = 171.4
(B51,B51) = 1.994
(B51,BB6) = 170.4
(B51,BB8) = 0.9884
(B51,BB7) = 169.4
(B51,BB9) = 170.4
(B51,B9) = 172.4
(B51,LL91) = 172.4
(B51,LL92) = 172.4
(B51,C10) = 1
(B51,L10) = 1
(BB6,L1) = 0
(BB6,L2) = 0
(BB6,CC3) = 0
(BB6,C3) = 172.4
(BB6,LL4) = 171.4
(BB6,B5) = 171.4
(BB6,B51) = 0.9942
(BB6,BB6) = 171.4
(BB6,BB8) = 0.9942
(BB6,BB7) = 170.4
(BB6,BB9) = 171.4
(BB6,B9) = 172.4
(BB6,LL91) = 172.4
(BB6,LL92) = 172.4
(BB6,C10) = 1
(BB6,L10) = 1
(BB8,L1) = 0
(BB8,L2) = 0
(BB8,CC3) = 0
(BB8,C3) = 172.4
(BB8,LL4) = 171.4
(BB8,B5) = 171.4
(BB8,B51) = 0.9942
(BB8,BB6) = 170.4
(BB8,BB8) = 1.988
(BB8,BB7) = 169.4
(BB8,BB9) = 171.4
(BB8,B9) = 172.4
(BB8,LL91) = 172.4
(BB8,LL92) = 172.4
(BB8,C10) = 1
(BB8,L10) = 1
(BB7,L1) = 0
(BB7,L2) = 0
(BB7,CC3) = 0
(BB7,C3) = 172.4
(BB7,LL4) = 171.4
(BB7,B5) = 171.4
(BB7,B51) = 0.9942
(BB7,BB6) = 170.4
(BB7,BB8) = 0.9884
(BB7,BB7) = 170.4
(BB7,BB9) = 171.4
(BB7,B9) = 172.4
(BB7,LL91) = 172.4
(BB7,LL92) = 172.4
(BB7,C10) = 1
(BB7,L10) = 1
(BB9,L1) = 0
(BB9,L2) = 0
(BB9,CC3) = 0
(BB9,C3) = 172.4
(BB9,LL4) = 171.4
(BB9,B5) = 171.4
(BB9,B51) = 0.9942
(BB9,BB6) = 170.4
(BB9,BB8) = 0.9884
(BB9,BB7) = 169.4
(BB9,BB9) = 171.4
(BB9,B9) = 172.4
(BB9,LL91) = 172.4
(BB9,LL92) = 172.4
(BB9,C10) = 1
(BB9,L10) = 1
(B9,L1) = 0
(B9,L2) = 0
(B9,CC3) = 0
(B9,C3) = 172.4
(B9,LL4) = 171.4
(B9,B5) = 171.4
(B9,B51) = 0.9942
(B9,BB6) = 170.4
(B9,BB8) = 0.9884
(B9,BB7) = 169.4
(B9,BB9) = 170.4
(B9,B9) = 172.4
(B9,LL91) = 172.4
(B9,LL92) = 172.4
(B9,C10) = 1
(B9,L10) = 1
(LL91,L1) = 0
(LL91,L2) = 0
(LL91,CC3) = 0
(LL91,C3) = 172.4
(LL91,LL4) = 171.4
(LL91,B5) = 171.4
(LL91,B51) = 0.9942
(LL91,BB6) = 170.4
(LL91,BB8) = 0.9884
(LL91,BB7) = 169.4
(LL91,BB9) = 170.4
(LL91,B9) = 171.4
(LL91,LL91) = 172.4
(LL91,LL92) = 172.4
(LL91,C10) = 1
(LL91,L10) = 1
(LL92,L1) = 0
(LL92,L2) = 0
(LL92,CC3) = 0
(LL92,C3) = 172.4
(LL92,LL4) = 171.4
(LL92,B5) = 171.4
(LL92,B51) = 0.9942
(LL92,BB6) = 170.4
(LL92,BB8) = 0.9884
(LL92,BB7) = 169.4
(LL92,BB9) = 170.4
(LL92,B9) = 171.4
(LL92,LL91) = 171.4
(LL92,LL92) = 172.4
(LL92,C10) = 1
(LL92,L10) = 1
(C10,L1) = 0
(C10,L2) = 0
(C10,CC3) = 0
(C10,C3) = 0
(C10,LL4) = 0
(C10,B5) = 0
(C10,B51) = 0
(C10,BB6) = 0
(C10,BB8) = 0
(C10,BB7) = 0
(C10,BB9) = 0
(C10,B9) = 0
(C10,LL91) = 0
(C10,LL92) = 0
(C10,C10) = 1
(C10,L10) = 1
(L10,L1) = 0
(L10,L2) = 0
(L10,CC3) = 0
(L10,C3) = 0
(L10,LL4) = 0
(L10,B5) = 0
(L10,B51) = 0
(L10,BB6) = 0
(L10,BB8) = 0
(L10,BB7) = 0
(L10,BB9) = 0
(L10,B9) = 0
(L10,LL91) = 0
(L10,LL92) = 0
(L10,C10) = 0
(L10,L10) = 1
******************************
